<?xml version="1.0" encoding="UTF-8"?>
<!-- Generated by org.testng.reporters.JUnitXMLReporter -->
<testsuite ignored="6" hostname="LAPTOP-SSV1DC61" failures="0" tests="1" name="Test" time="75.149" errors="0" timestamp="2023-05-24T12:35:32 IST">
  <testcase classname="Demo.AppiumFramework.Test_HybridApp" name="everything" time="36.603"/>
  <testcase classname="Demo.AppiumFramework.Test_HybridApp" name="contextnames" time="0.0">
    <ignored/>
  </testcase> <!-- contextnames -->
  <testcase classname="Demo.AppiumFramework.Test_HybridApp" name="product" time="0.0">
    <ignored/>
  </testcase> <!-- product -->
  <testcase classname="Demo.AppiumFramework.Test_HybridApp" name="checkout" time="0.0">
    <ignored/>
  </testcase> <!-- checkout -->
  <testcase classname="Demo.AppiumFramework.Test_HybridApp" name="Positive_Testcase_Login" time="0.0">
    <ignored/>
  </testcase> <!-- Positive_Testcase_Login -->
  <testcase classname="Demo.AppiumFramework.Test_HybridApp" name="cart" time="0.0">
    <ignored/>
  </testcase> <!-- cart -->
  <testcase classname="Demo.AppiumFramework.Test_HybridApp" name="Negative_Testcase_Login" time="0.0">
    <ignored/>
  </testcase> <!-- Negative_Testcase_Login -->
</testsuite> <!-- Test -->
