<?xml version="1.0" encoding="UTF-8"?>
<!-- Generated by org.testng.reporters.JUnitXMLReporter -->
<testsuite ignored="1" hostname="LAPTOP-SSV1DC61" failures="0" tests="6" name="Default test" time="129.335" errors="0" timestamp="2023-05-25T06:24:30 IST">
  <testcase classname="com.Testcase.BanjaraRide" name="TS1" time="68.623"/>
  <testcase classname="com.Testcase.BanjaraRide" name="TS2" time="12.934"/>
  <testcase classname="com.Testcase.BanjaraRide" name="TS3" time="19.175"/>
  <testcase classname="com.Testcase.BanjaraRide" name="TS4" time="10.434"/>
  <testcase classname="com.Testcase.BanjaraRide" name="TS5" time="9.197"/>
  <testcase classname="com.Testcase.BanjaraRide" name="TS6" time="8.902"/>
  <testcase classname="com.Testcase.BanjaraRide" name="startUp" time="0.0">
    <ignored/>
  </testcase> <!-- startUp -->
</testsuite> <!-- Default test -->
