<?xml version="1.0" encoding="UTF-8"?>
<testsuite xmlns:xsi="http://www.w3.org/2001/XMLSchema-instance" xsi:noNamespaceSchemaLocation="https://maven.apache.org/surefire/maven-surefire-plugin/xsd/surefire-test-report-3.0.xsd" version="3.0" name="TestSuite" time="77.776" tests="1" errors="0" skipped="0" failures="0">
  <properties>
[...]
</properties>
  <testcase name="everything" classname="Demo.AppiumFramework.Test_HybridApp" time="36.618">
    <system-out><![CDATA[(node:6588) [DEP0128] DeprecationWarning: Invalid 'main' field in 'C:\Users\nandan\AppData\Roaming\npm\node_modules\appium\node_modules\mjpeg-server\package.json' of './lib/mpegserver'. Please either fix that or report it to the module author
(Use `node --trace-deprecation ...` to show where the warning was created)
&amp#27;[35m[Appium]&amp#27;[39m Welcome to Appium v1.17.1
&amp#27;[35m[Appium]&amp#27;[39m Appium REST http interface listener started on 0.0.0.0:4723
&amp#27;[35m[HTTP]&amp#27;[39m &amp#27;[37m-->&amp#27;[39m &amp#27;[37mGET&amp#27;[39m &amp#27;[37m/wd/hub/status&amp#27;[39m
&amp#27;[35m[HTTP]&amp#27;[39m &amp#27;[90m{}&amp#27;[39m
[debug] &amp#27;[35m[GENERIC]&amp#27;[39m Calling AppiumDriver.getStatus() with args: []
[debug] &amp#27;[35m[GENERIC]&amp#27;[39m Responding to client with driver.getStatus() result: {"build":{"version":"1.17.1"}}
&amp#27;[35m[HTTP]&amp#27;[39m &amp#27;[37m<-- GET /wd/hub/status &amp#27;[39m&amp#27;[32m200&amp#27;[39m &amp#27;[90m16 ms - 68&amp#27;[39m
&amp#27;[35m[HTTP]&amp#27;[39m &amp#27;[90m&amp#27;[39m
&amp#27;[35m[HTTP]&amp#27;[39m &amp#27;[37m-->&amp#27;[39m &amp#27;[37mPOST&amp#27;[39m &amp#27;[37m/wd/hub/session&amp#27;[39m
&amp#27;[35m[HTTP]&amp#27;[39m &amp#27;[90m{"desiredCapabilities":{"appActivity":"com.androidsample.generalstore.SplashActivity","appPackage":"com.androidsample.generalstore","automationName":"UIAutomator2","noReset":true,"platformName":"Android","deviceName":"Nandan"},"capabilities":{"firstMatch":[{"appium:appActivity":"com.androidsample.generalstore.SplashActivity","appium:appPackage":"com.androidsample.generalstore","appium:automationName":"UIAutomator2","appium:deviceName":"Nandan","appium:noReset":true,"platformName":"android"}]}}&amp#27;[39m
[debug] &amp#27;[35m[W3C]&amp#27;[39m Calling AppiumDriver.createSession() with args: [{"appActivity":"com.androidsample.generalstore.SplashActivity","appPackage":"com.androidsample.generalstore","automationName":"UIAutomator2","noReset":true,"platformName":"Android","deviceName":"Nandan"},null,{"firstMatch":[{"appium:appActivity":"com.androidsample.generalstore.SplashActivity","appium:appPackage":"com.androidsample.generalstore","appium:automationName":"UIAutomator2","appium:deviceName":"Nandan","appium:noReset":true,"platformName":"android"}]}]
[debug] &amp#27;[35m[BaseDriver]&amp#27;[39m Event 'newSessionRequested' logged at 1684911876898 (12:34:36 GMT+0530 (India Standard Time))
&amp#27;[35m[Appium]&amp#27;[39m Appium v1.17.1 creating new AndroidUiautomator2Driver (v1.44.2) session
[debug] &amp#27;[35m[BaseDriver]&amp#27;[39m W3C capabilities and MJSONWP desired capabilities were provided
[debug] &amp#27;[35m[BaseDriver]&amp#27;[39m Creating session with W3C capabilities: {
[debug] &amp#27;[35m[BaseDriver]&amp#27;[39m   "alwaysMatch": {
[debug] &amp#27;[35m[BaseDriver]&amp#27;[39m     "platformName": "android",
[debug] &amp#27;[35m[BaseDriver]&amp#27;[39m     "appium:appActivity": "com.androidsample.generalstore.SplashActivity",
[debug] &amp#27;[35m[BaseDriver]&amp#27;[39m     "appium:appPackage": "com.androidsample.generalstore",
[debug] &amp#27;[35m[BaseDriver]&amp#27;[39m     "appium:automationName": "UIAutomator2",
[debug] &amp#27;[35m[BaseDriver]&amp#27;[39m     "appium:deviceName": "Nandan",
[debug] &amp#27;[35m[BaseDriver]&amp#27;[39m     "appium:noReset": true
[debug] &amp#27;[35m[BaseDriver]&amp#27;[39m   },
[debug] &amp#27;[35m[BaseDriver]&amp#27;[39m   "firstMatch": [
[debug] &amp#27;[35m[BaseDriver]&amp#27;[39m     {}
[debug] &amp#27;[35m[BaseDriver]&amp#27;[39m   ]
[debug] &amp#27;[35m[BaseDriver]&amp#27;[39m }
&amp#27;[35m[BaseDriver]&amp#27;[39m Session created with session id: b19d8cfe-9542-47aa-bdc8-dd409593a934
&amp#27;[35m[UiAutomator2]&amp#27;[39m Starting 'com.androidsample.generalstore' directly on the device
&amp#27;[35m[ADB]&amp#27;[39m Found 2 'build-tools' folders under 'C:\Users\nandan\AppData\Local\Android\Sdk' (newest first):
&amp#27;[35m[ADB]&amp#27;[39m     C:/Users/nandan/AppData/Local/Android/Sdk/build-tools/33.0.2
&amp#27;[35m[ADB]&amp#27;[39m     C:/Users/nandan/AppData/Local/Android/Sdk/build-tools/30.0.3
&amp#27;[35m[ADB]&amp#27;[39m Using 'adb.exe' from 'C:\Users\nandan\AppData\Local\Android\Sdk\platform-tools\adb.exe'
&amp#27;[35m[AndroidDriver]&amp#27;[39m Retrieving device list
[debug] &amp#27;[35m[ADB]&amp#27;[39m Trying to find a connected android device
[debug] &amp#27;[35m[ADB]&amp#27;[39m Getting connected devices...
[debug] &amp#27;[35m[ADB]&amp#27;[39m Connected devices: [{"udid":"emulator-5554","state":"device"}]
&amp#27;[35m[AndroidDriver]&amp#27;[39m Using device: emulator-5554
&amp#27;[35m[ADB]&amp#27;[39m Using 'adb.exe' from 'C:\Users\nandan\AppData\Local\Android\Sdk\platform-tools\adb.exe'
[debug] &amp#27;[35m[ADB]&amp#27;[39m Setting device id to emulator-5554
[debug] &amp#27;[35m[ADB]&amp#27;[39m Running 'C:\Users\nandan\AppData\Local\Android\Sdk\platform-tools\adb.exe -P 5037 -s emulator-5554 shell getprop ro.build.version.sdk'
[debug] &amp#27;[35m[ADB]&amp#27;[39m Current device property 'ro.build.version.sdk': 26
[debug] &amp#27;[35m[ADB]&amp#27;[39m Device API level: 26
&amp#27;[35m[AndroidDriver]&amp#27;[39m No app sent in, not parsing package/activity
[debug] &amp#27;[35m[ADB]&amp#27;[39m Running 'C:\Users\nandan\AppData\Local\Android\Sdk\platform-tools\adb.exe -P 5037 -s emulator-5554 wait-for-device'
[debug] &amp#27;[35m[ADB]&amp#27;[39m Running 'C:\Users\nandan\AppData\Local\Android\Sdk\platform-tools\adb.exe -P 5037 -s emulator-5554 shell echo ping'
[debug] &amp#27;[35m[AndroidDriver]&amp#27;[39m Pushing settings apk to device...
[debug] &amp#27;[35m[ADB]&amp#27;[39m Getting install status for io.appium.settings
[debug] &amp#27;[35m[ADB]&amp#27;[39m Running 'C:\Users\nandan\AppData\Local\Android\Sdk\platform-tools\adb.exe -P 5037 -s emulator-5554 shell dumpsys package io.appium.settings'
[debug] &amp#27;[35m[ADB]&amp#27;[39m 'io.appium.settings' is installed
[debug] &amp#27;[35m[ADB]&amp#27;[39m Getting package info for 'io.appium.settings'
[debug] &amp#27;[35m[ADB]&amp#27;[39m Running 'C:\Users\nandan\AppData\Local\Android\Sdk\platform-tools\adb.exe -P 5037 -s emulator-5554 shell dumpsys package io.appium.settings'
[debug] &amp#27;[35m[ADB]&amp#27;[39m The version code of the installed 'io.appium.settings' is greater than the application version code (55 > 26)
[debug] &amp#27;[35m[ADB]&amp#27;[39m There is no need to downgrade 'io.appium.settings'
[debug] &amp#27;[35m[ADB]&amp#27;[39m Getting IDs of all 'io.appium.settings' processes
[debug] &amp#27;[35m[ADB]&amp#27;[39m Running 'C:\Users\nandan\AppData\Local\Android\Sdk\platform-tools\adb.exe -P 5037 -s emulator-5554 shell 'pgrep --help; echo $?''
[debug] &amp#27;[35m[ADB]&amp#27;[39m Running 'C:\Users\nandan\AppData\Local\Android\Sdk\platform-tools\adb.exe -P 5037 -s emulator-5554 shell 'pgrep ^appium\\.settings$ || pgrep ^io\\.appium\\.setti$''
[debug] &amp#27;[35m[AndroidDriver]&amp#27;[39m io.appium.settings is already running. There is no need to reset its permissions.
[debug] &amp#27;[35m[ADB]&amp#27;[39m Running 'C:\Users\nandan\AppData\Local\Android\Sdk\platform-tools\adb.exe -P 5037 -s emulator-5554 shell appops set io.appium.settings android\:mock_location allow'
[debug] &amp#27;[35m[Logcat]&amp#27;[39m Starting logcat capture
[debug] &amp#27;[35m[UiAutomator2]&amp#27;[39m Forwarding UiAutomator2 Server port 6790 to 8200
[debug] &amp#27;[35m[ADB]&amp#27;[39m Forwarding system: 8200 to device: 6790
[debug] &amp#27;[35m[ADB]&amp#27;[39m Running 'C:\Users\nandan\AppData\Local\Android\Sdk\platform-tools\adb.exe -P 5037 -s emulator-5554 forward tcp\:8200 tcp\:6790'
[debug] &amp#27;[35m[ADB]&amp#27;[39m Getting install status for io.appium.uiautomator2.server
[debug] &amp#27;[35m[ADB]&amp#27;[39m Running 'C:\Users\nandan\AppData\Local\Android\Sdk\platform-tools\adb.exe -P 5037 -s emulator-5554 shell dumpsys package io.appium.uiautomator2.server'
[debug] &amp#27;[35m[ADB]&amp#27;[39m 'io.appium.uiautomator2.server' is installed
[debug] &amp#27;[35m[ADB]&amp#27;[39m Getting package info for 'io.appium.uiautomator2.server'
[debug] &amp#27;[35m[ADB]&amp#27;[39m Running 'C:\Users\nandan\AppData\Local\Android\Sdk\platform-tools\adb.exe -P 5037 -s emulator-5554 shell dumpsys package io.appium.uiautomator2.server'
[debug] &amp#27;[35m[ADB]&amp#27;[39m The version name of the installed 'io.appium.uiautomator2.server' is greater or equal to the application version name ('4.5.5' >= '4.5.5')
[debug] &amp#27;[35m[UiAutomator2]&amp#27;[39m io.appium.uiautomator2.server installation state: sameVersionInstalled
[debug] &amp#27;[35m[ADB]&amp#27;[39m Checking app cert for C:\Users\nandan\AppData\Roaming\npm\node_modules\appium\node_modules\appium-uiautomator2-server\apks\appium-uiautomator2-server-v4.5.5.apk
&amp#27;[35m[ADB]&amp#27;[39m Using 'apksigner.jar' from 'C:\Users\nandan\AppData\Local\Android\Sdk\build-tools\33.0.2\lib\apksigner.jar'
[debug] &amp#27;[35m[ADB]&amp#27;[39m Starting apksigner: 'C:\\Program Files\\Java\\jdk-19\\bin\\java.exe' -Xmx1024M -Xss1m -jar C:\\Users\\nandan\\AppData\\Local\\Android\\Sdk\\build-tools\\33.0.2\\lib\\apksigner.jar verify --print-certs C:\\Users\\nandan\\AppData\\Roaming\\npm\\node_modules\\appium\\node_modules\\appium-uiautomator2-server\\apks\\appium-uiautomator2-server-v4.5.5.apk
[debug] &amp#27;[35m[ADB]&amp#27;[39m apksigner stdout: Signer #1 certificate DN: EMAILADDRESS=android@android.com, CN=Android, OU=Android, O=Android, L=Mountain View, ST=California, C=US
[debug] &amp#27;[35m[ADB]&amp#27;[39m Signer #1 certificate SHA-256 digest: a40da80a59d170caa950cf15c18c454d47a39b26989d8b640ecd745ba71bf5dc
[debug] &amp#27;[35m[ADB]&amp#27;[39m Signer #1 certificate SHA-1 digest: 61ed377e85d386a8dfee6b864bd85b0bfaa5af81
[debug] &amp#27;[35m[ADB]&amp#27;[39m Signer #1 certificate MD5 digest: e89b158e4bcf988ebd09eb83f5378e87
[debug] &amp#27;[35m[ADB]&amp#27;[39m 
[debug] &amp#27;[35m[ADB]&amp#27;[39m 'C:\Users\nandan\AppData\Roaming\npm\node_modules\appium\node_modules\appium-uiautomator2-server\apks\appium-uiautomator2-server-v4.5.5.apk' is signed with the default certificate
[debug] &amp#27;[35m[ADB]&amp#27;[39m Getting install status for io.appium.uiautomator2.server.test
[debug] &amp#27;[35m[ADB]&amp#27;[39m Running 'C:\Users\nandan\AppData\Local\Android\Sdk\platform-tools\adb.exe -P 5037 -s emulator-5554 shell dumpsys package io.appium.uiautomator2.server.test'
[debug] &amp#27;[35m[ADB]&amp#27;[39m 'io.appium.uiautomator2.server.test' is installed
[debug] &amp#27;[35m[ADB]&amp#27;[39m Checking app cert for C:\Users\nandan\AppData\Roaming\npm\node_modules\appium\node_modules\appium-uiautomator2-server\apks\appium-uiautomator2-server-debug-androidTest.apk
[debug] &amp#27;[35m[ADB]&amp#27;[39m Starting apksigner: 'C:\\Program Files\\Java\\jdk-19\\bin\\java.exe' -Xmx1024M -Xss1m -jar C:\\Users\\nandan\\AppData\\Local\\Android\\Sdk\\build-tools\\33.0.2\\lib\\apksigner.jar verify --print-certs C:\\Users\\nandan\\AppData\\Roaming\\npm\\node_modules\\appium\\node_modules\\appium-uiautomator2-server\\apks\\appium-uiautomator2-server-debug-androidTest.apk
[debug] &amp#27;[35m[ADB]&amp#27;[39m apksigner stdout: Signer #1 certificate DN: EMAILADDRESS=android@android.com, CN=Android, OU=Android, O=Android, L=Mountain View, ST=California, C=US
[debug] &amp#27;[35m[ADB]&amp#27;[39m Signer #1 certificate SHA-256 digest: a40da80a59d170caa950cf15c18c454d47a39b26989d8b640ecd745ba71bf5dc
[debug] &amp#27;[35m[ADB]&amp#27;[39m Signer #1 certificate SHA-1 digest: 61ed377e85d386a8dfee6b864bd85b0bfaa5af81
[debug] &amp#27;[35m[ADB]&amp#27;[39m Signer #1 certificate MD5 digest: e89b158e4bcf988ebd09eb83f5378e87
[debug] &amp#27;[35m[ADB]&amp#27;[39m 
[debug] &amp#27;[35m[ADB]&amp#27;[39m 'C:\Users\nandan\AppData\Roaming\npm\node_modules\appium\node_modules\appium-uiautomator2-server\apks\appium-uiautomator2-server-debug-androidTest.apk' is signed with the default certificate
&amp#27;[35m[UiAutomator2]&amp#27;[39m Server packages are not going to be (re)installed
[debug] &amp#27;[35m[UiAutomator2]&amp#27;[39m Waiting up to 30000ms for services to be available
[debug] &amp#27;[35m[ADB]&amp#27;[39m Running 'C:\Users\nandan\AppData\Local\Android\Sdk\platform-tools\adb.exe -P 5037 -s emulator-5554 shell pm list instrumentation'
[debug] &amp#27;[35m[UiAutomator2]&amp#27;[39m Instrumentation target 'io.appium.uiautomator2.server.test/androidx.test.runner.AndroidJUnitRunner' is available
[debug] &amp#27;[35m[UiAutomator2]&amp#27;[39m No app capability. Assuming it is already on the device
[debug] &amp#27;[35m[UiAutomator2]&amp#27;[39m Performing shallow cleanup of automation leftovers
[debug] &amp#27;[35m[UiAutomator2]&amp#27;[39m The following obsolete sessions are still running: ["4c228178-9368-49c5-a0ab-8386d1dea47e"]
[debug] &amp#27;[35m[UiAutomator2]&amp#27;[39m Cleaning up the obsolete sessions
[debug] &amp#27;[35m[ADB]&amp#27;[39m Running 'C:\Users\nandan\AppData\Local\Android\Sdk\platform-tools\adb.exe -P 5037 -s emulator-5554 shell am force-stop io.appium.uiautomator2.server.test'
&amp#27;[35m[UiAutomator2]&amp#27;[39m Starting UIAutomator2 server 4.5.5
&amp#27;[35m[UiAutomator2]&amp#27;[39m Using UIAutomator2 server from 'C:\Users\nandan\AppData\Roaming\npm\node_modules\appium\node_modules\appium-uiautomator2-server\apks\appium-uiautomator2-server-v4.5.5.apk' and test from 'C:\Users\nandan\AppData\Roaming\npm\node_modules\appium\node_modules\appium-uiautomator2-server\apks\appium-uiautomator2-server-debug-androidTest.apk'
&amp#27;[35m[UiAutomator2]&amp#27;[39m Waiting up to 30000ms for UiAutomator2 to be online...
[debug] &amp#27;[35m[ADB]&amp#27;[39m Creating ADB subprocess with args: ["-P",5037,"-s","emulator-5554","shell","am","instrument","-w","io.appium.uiautomator2.server.test/androidx.test.runner.AndroidJUnitRunner"]
[debug] &amp#27;[35m[WD Proxy]&amp#27;[39m Matched '/status' to command name 'getStatus'
[debug] &amp#27;[35m[WD Proxy]&amp#27;[39m Proxying [GET /status] to [GET http://127.0.0.1:8200/wd/hub/status] with no body
&amp#27;[35m[WD Proxy]&amp#27;[39m Got response with unknown status: {"code":"ECONNRESET"}
[debug] &amp#27;[35m[WD Proxy]&amp#27;[39m Matched '/status' to command name 'getStatus'
[debug] &amp#27;[35m[WD Proxy]&amp#27;[39m Proxying [GET /status] to [GET http://127.0.0.1:8200/wd/hub/status] with no body
&amp#27;[35m[WD Proxy]&amp#27;[39m Got response with unknown status: {"code":"ECONNRESET"}
[debug] &amp#27;[35m[WD Proxy]&amp#27;[39m Matched '/status' to command name 'getStatus'
[debug] &amp#27;[35m[WD Proxy]&amp#27;[39m Proxying [GET /status] to [GET http://127.0.0.1:8200/wd/hub/status] with no body
&amp#27;[35m[WD Proxy]&amp#27;[39m Got response with unknown status: {"code":"ECONNRESET"}
[debug] &amp#27;[35m[Instrumentation]&amp#27;[39m io.appium.uiautomator2.server.test.AppiumUiAutomator2Server:
[debug] &amp#27;[35m[WD Proxy]&amp#27;[39m Matched '/status' to command name 'getStatus'
[debug] &amp#27;[35m[WD Proxy]&amp#27;[39m Proxying [GET /status] to [GET http://127.0.0.1:8200/wd/hub/status] with no body
&amp#27;[35m[WD Proxy]&amp#27;[39m Got response with unknown status: {"code":"ECONNRESET"}
[debug] &amp#27;[35m[WD Proxy]&amp#27;[39m Matched '/status' to command name 'getStatus'
[debug] &amp#27;[35m[WD Proxy]&amp#27;[39m Proxying [GET /status] to [GET http://127.0.0.1:8200/wd/hub/status] with no body
[debug] &amp#27;[35m[WD Proxy]&amp#27;[39m Got response with status 200: {"sessionId":"None","value":{"ready":true,"message":"UiAutomator2 Server is ready to accept commands"}}
[debug] &amp#27;[35m[UiAutomator2]&amp#27;[39m The initialization of the instrumentation process took 5288ms
[debug] &amp#27;[35m[WD Proxy]&amp#27;[39m Matched '/session' to command name 'createSession'
[debug] &amp#27;[35m[WD Proxy]&amp#27;[39m Proxying [POST /session] to [POST http://127.0.0.1:8200/wd/hub/session] with body: {"capabilities":{"firstMatch":[{"platform":"LINUX","webStorageEnabled":false,"takesScreenshot":true,"javascriptEnabled":true,"databaseEnabled":false,"networkConnectionEnabled":true,"locationContextEnabled":false,"warnings":{},"desired":{"platformName":"android","appActivity":"com.androidsample.generalstore.SplashActivity","appPackage":"com.androidsample.generalstore","automationName":"UIAutomator2","deviceName":"Nandan","noReset":true},"platformName":"android","appActivity":"com.androidsample.generalstore.SplashActivity","appPackage":"com.androidsample.generalstore","automationName":"UIAutomator2","deviceName":"emulator-5554","noReset":true,"deviceUDID":"emulator-5554"}],"alwaysMatch":{}}}
[debug] &amp#27;[35m[WD Proxy]&amp#27;[39m Got response with status 200: {"sessionId":"8ff7c057-8081-4c62-888f-9f395fccef69","value":{"sessionId":"8ff7c057-8081-4c62-888f-9f395fccef69","capabilities":{"firstMatch":[{"platform":"LINUX","webStorageEnabled":false,"takesScreenshot":true,"javascriptEnabled":true,"databaseEnabled":false,"networkConnectionEnabled":true,"locationContextEnabled":false,"warnings":{},"desired":{"platformName":"android","appActivity":"com.androidsample.generalstore.SplashActivity","appPackage":"com.androidsample.generalstore","automationName":"UIAutomator2","deviceName":"Nandan","noReset":true},"platformName":"android","appActivity":"com.androidsample.generalstore.SplashActivity","appPackage":"com.androidsample.generalstore","automationName":"UIAutomator2","deviceName":"emulator-5554","noReset":true,"deviceUDID":"emulator-5554"}],"alwaysMatch":{}}}}
&amp#27;[35m[WD Proxy]&amp#27;[39m Determined the downstream protocol as 'W3C'
[debug] &amp#27;[35m[WD Proxy]&amp#27;[39m Proxying [GET /appium/device/info] to [GET http://127.0.0.1:8200/wd/hub/session/8ff7c057-8081-4c62-888f-9f395fccef69/appium/device/info] with no body
[debug] &amp#27;[35m[WD Proxy]&amp#27;[39m Got response with status 200: {"sessionId":"8ff7c057-8081-4c62-888f-9f395fccef69","value":{"androidId":"03dc55323308cf16","manufacturer":"Google","model":"Android SDK built for x86","brand":"google","apiVersion":"26","platformVersion":"8.0.0","carrierName":"Android","realDisplaySize":"1080x2220","displayDensity":440,"networks":[{"type":0,"typeName":"MOBILE","subtype":13,"subtypeName":"LTE","isConnected":true,"detailedState":"CONNECTED","state":"CONNECTED","extraInfo":"epc.tmobile.com","isAvailable":true,"isFailover":false,"isRoaming":false,"capabilities":{"transportTypes":"TRANSPORT_CELLULAR","networkCapabilities":"NET_CAPABILITY_MMS,NET_CAPABILITY_SUPL,NET_CAPABILITY_FOTA,NET_CAPABILITY_IMS,NET_CAPABILITY_CBS,NET_CAPABILITY_IA,NET_CAPABILITY_INTERNET,NET_CAPABILITY_NOT_RESTRICTED,NET_CAPABILITY_TRUSTED,NET_CAPABILITY_NOT_VPN,NET_CAPABILITY_VALIDATED","linkUpstreamBandwidthKbps":51200,"linkDownBandwidthKbps":102400,"signalStrength":-2147483648,"networkSpecifier":"1","SSID":null}},{"type":1,"typeName":"WIFI","subtype":0,"subtypeName":""...
[debug] &amp#27;[35m[ADB]&amp#27;[39m Running 'C:\Users\nandan\AppData\Local\Android\Sdk\platform-tools\adb.exe -P 5037 -s emulator-5554 shell dumpsys window'
&amp#27;[35m[AndroidDriver]&amp#27;[39m Screen already unlocked, doing nothing
&amp#27;[35m[UiAutomator2]&amp#27;[39m Starting 'com.androidsample.generalstore/com.androidsample.generalstore.SplashActivity and waiting for 'com.androidsample.generalstore/com.androidsample.generalstore.SplashActivity'
[debug] &amp#27;[35m[ADB]&amp#27;[39m Running 'C:\Users\nandan\AppData\Local\Android\Sdk\platform-tools\adb.exe -P 5037 -s emulator-5554 shell am start -W -n com.androidsample.generalstore/com.androidsample.generalstore.SplashActivity -S -a android.intent.action.MAIN -c android.intent.category.LAUNCHER -f 0x10200000'
[debug] &amp#27;[35m[WD Proxy]&amp#27;[39m Proxying [GET /appium/device/pixel_ratio] to [GET http://127.0.0.1:8200/wd/hub/session/8ff7c057-8081-4c62-888f-9f395fccef69/appium/device/pixel_ratio] with body: {}
[debug] &amp#27;[35m[WD Proxy]&amp#27;[39m Got response with status 200: {"sessionId":"8ff7c057-8081-4c62-888f-9f395fccef69","value":2.75}
[debug] &amp#27;[35m[WD Proxy]&amp#27;[39m Matched '/appium/device/system_bars' to command name 'getSystemBars'
[debug] &amp#27;[35m[WD Proxy]&amp#27;[39m Proxying [GET /appium/device/system_bars] to [GET http://127.0.0.1:8200/wd/hub/session/8ff7c057-8081-4c62-888f-9f395fccef69/appium/device/system_bars] with body: {}
[debug] &amp#27;[35m[WD Proxy]&amp#27;[39m Got response with status 200: {"sessionId":"8ff7c057-8081-4c62-888f-9f395fccef69","value":{"statusBar":66}}
[debug] &amp#27;[35m[WD Proxy]&amp#27;[39m Matched '/window/current/size' to command name 'getWindowSize'
[debug] &amp#27;[35m[WD Proxy]&amp#27;[39m Proxying [GET /window/current/size] to [GET http://127.0.0.1:8200/wd/hub/session/8ff7c057-8081-4c62-888f-9f395fccef69/window/current/size] with body: {}
[debug] &amp#27;[35m[WD Proxy]&amp#27;[39m Got response with status 200: {"sessionId":"8ff7c057-8081-4c62-888f-9f395fccef69","value":{"height":2088,"width":1080}}
&amp#27;[35m[Appium]&amp#27;[39m New AndroidUiautomator2Driver session created successfully, session b19d8cfe-9542-47aa-bdc8-dd409593a934 added to master session list
[debug] &amp#27;[35m[BaseDriver]&amp#27;[39m Event 'newSessionStarted' logged at 1684911895342 (12:34:55 GMT+0530 (India Standard Time))
[debug] &amp#27;[35m[W3C (b19d8cfe)]&amp#27;[39m Cached the protocol value 'W3C' for the new session b19d8cfe-9542-47aa-bdc8-dd409593a934
[debug] &amp#27;[35m[W3C (b19d8cfe)]&amp#27;[39m Responding to client with driver.createSession() result: {"capabilities":{"platform":"LINUX","webStorageEnabled":false,"takesScreenshot":true,"javascriptEnabled":true,"databaseEnabled":false,"networkConnectionEnabled":true,"locationContextEnabled":false,"warnings":{},"desired":{"platformName":"android","appActivity":"com.androidsample.generalstore.SplashActivity","appPackage":"com.androidsample.generalstore","automationName":"UIAutomator2","deviceName":"Nandan","noReset":true},"platformName":"android","appActivity":"com.androidsample.generalstore.SplashActivity","appPackage":"com.androidsample.generalstore","automationName":"UIAutomator2","deviceName":"emulator-5554","noReset":true,"deviceUDID":"emulator-5554","deviceApiLevel":26,"platformVersion":"8.0.0","deviceScreenSize":"1080x2220","deviceScreenDensity":440,"deviceModel":"Android SDK built for x86","deviceManufacturer":"Google","pixelRatio":2.75,"statBarHeight":66,"viewportRect":{"left":0,"top":66,"width":1080,"height":2022}}}
&amp#27;[35m[HTTP]&amp#27;[39m &amp#27;[37m<-- POST /wd/hub/session &amp#27;[39m&amp#27;[32m200&amp#27;[39m &amp#27;[90m18450 ms - 999&amp#27;[39m
&amp#27;[35m[HTTP]&amp#27;[39m &amp#27;[90m&amp#27;[39m
&amp#27;[35m[HTTP]&amp#27;[39m &amp#27;[37m-->&amp#27;[39m &amp#27;[37mPOST&amp#27;[39m &amp#27;[37m/wd/hub/session/b19d8cfe-9542-47aa-bdc8-dd409593a934/timeouts&amp#27;[39m
&amp#27;[35m[HTTP]&amp#27;[39m &amp#27;[90m{"implicit":30000}&amp#27;[39m
[debug] &amp#27;[35m[W3C (b19d8cfe)]&amp#27;[39m Calling AppiumDriver.timeouts() with args: [null,null,null,null,30000,"b19d8cfe-9542-47aa-bdc8-dd409593a934"]
[debug] &amp#27;[35m[BaseDriver]&amp#27;[39m W3C timeout argument: {"implicit":30000}}
[debug] &amp#27;[35m[BaseDriver]&amp#27;[39m Set implicit wait to 30000ms
[debug] &amp#27;[35m[W3C (b19d8cfe)]&amp#27;[39m Responding to client with driver.timeouts() result: null
&amp#27;[35m[HTTP]&amp#27;[39m &amp#27;[37m<-- POST /wd/hub/session/b19d8cfe-9542-47aa-bdc8-dd409593a934/timeouts &amp#27;[39m&amp#27;[32m200&amp#27;[39m &amp#27;[90m6 ms - 14&amp#27;[39m
&amp#27;[35m[HTTP]&amp#27;[39m &amp#27;[90m&amp#27;[39m
&amp#27;[35m[HTTP]&amp#27;[39m &amp#27;[37m-->&amp#27;[39m &amp#27;[37mPOST&amp#27;[39m &amp#27;[37m/wd/hub/session/b19d8cfe-9542-47aa-bdc8-dd409593a934/element&amp#27;[39m
&amp#27;[35m[HTTP]&amp#27;[39m &amp#27;[90m{"using":"id","value":"com.androidsample.generalstore:id/spinnerCountry"}&amp#27;[39m
[debug] &amp#27;[35m[W3C (b19d8cfe)]&amp#27;[39m Calling AppiumDriver.findElement() with args: ["id","com.androidsample.generalstore:id/spinnerCountry","b19d8cfe-9542-47aa-bdc8-dd409593a934"]
[debug] &amp#27;[35m[BaseDriver]&amp#27;[39m Valid locator strategies for this request: xpath, id, class name, accessibility id, -android uiautomator
[debug] &amp#27;[35m[BaseDriver]&amp#27;[39m Waiting up to 30000 ms for condition
[debug] &amp#27;[35m[WD Proxy]&amp#27;[39m Matched '/element' to command name 'findElement'
[debug] &amp#27;[35m[WD Proxy]&amp#27;[39m Proxying [POST /element] to [POST http://127.0.0.1:8200/wd/hub/session/8ff7c057-8081-4c62-888f-9f395fccef69/element] with body: {"strategy":"id","selector":"com.androidsample.generalstore:id/spinnerCountry","context":"","multiple":false}
&amp#27;[35m[WD Proxy]&amp#27;[39m Got response with status 404: {"sessionId":"8ff7c057-8081-4c62-888f-9f395fccef69","value":{"error":"no such element","message":"An element could not be located on the page using the given search parameters","stacktrace":"io.appium.uiautomator2.common.exceptions.ElementNotFoundException: An element could not be located on the page using the given search parameters\n\tat io.appium.uiautomator2.handler.FindElement.safeHandle(FindElement.java:78)\n\tat io.appium.uiautomator2.handler.request.SafeRequestHandler.handle(SafeRequestHandler.java:38)\n\tat io.appium.uiautomator2.server.AppiumServlet.handleRequest(AppiumServlet.java:252)\n\tat io.appium.uiautomator2.server.AppiumServlet.handleHttpRequest(AppiumServlet.java:242)\n\tat io.appium.uiautomator2.http.ServerHandler.channelRead(ServerHandler.java:51)\n\tat io.netty.channel.AbstractChannelHandlerContext.invokeChannelRead(AbstractChannelHandlerContext.java:366)\n\tat io.netty.channel.AbstractChannelHandlerContext.invokeChannelRead(AbstractChannelHandlerContext.java:352)\n\tat io.netty.chann...
[debug] &amp#27;[35m[W3C]&amp#27;[39m Matched W3C error code 'no such element' to NoSuchElementError
[debug] &amp#27;[35m[BaseDriver]&amp#27;[39m Waited for 344 ms so far
[debug] &amp#27;[35m[WD Proxy]&amp#27;[39m Matched '/element' to command name 'findElement'
[debug] &amp#27;[35m[WD Proxy]&amp#27;[39m Proxying [POST /element] to [POST http://127.0.0.1:8200/wd/hub/session/8ff7c057-8081-4c62-888f-9f395fccef69/element] with body: {"strategy":"id","selector":"com.androidsample.generalstore:id/spinnerCountry","context":"","multiple":false}
&amp#27;[35m[WD Proxy]&amp#27;[39m Got response with status 404: {"sessionId":"8ff7c057-8081-4c62-888f-9f395fccef69","value":{"error":"no such element","message":"An element could not be located on the page using the given search parameters","stacktrace":"io.appium.uiautomator2.common.exceptions.ElementNotFoundException: An element could not be located on the page using the given search parameters\n\tat io.appium.uiautomator2.handler.FindElement.safeHandle(FindElement.java:78)\n\tat io.appium.uiautomator2.handler.request.SafeRequestHandler.handle(SafeRequestHandler.java:38)\n\tat io.appium.uiautomator2.server.AppiumServlet.handleRequest(AppiumServlet.java:252)\n\tat io.appium.uiautomator2.server.AppiumServlet.handleHttpRequest(AppiumServlet.java:242)\n\tat io.appium.uiautomator2.http.ServerHandler.channelRead(ServerHandler.java:51)\n\tat io.netty.channel.AbstractChannelHandlerContext.invokeChannelRead(AbstractChannelHandlerContext.java:366)\n\tat io.netty.channel.AbstractChannelHandlerContext.invokeChannelRead(AbstractChannelHandlerContext.java:352)\n\tat io.netty.chann...
[debug] &amp#27;[35m[W3C]&amp#27;[39m Matched W3C error code 'no such element' to NoSuchElementError
[debug] &amp#27;[35m[BaseDriver]&amp#27;[39m Waited for 908 ms so far
[debug] &amp#27;[35m[WD Proxy]&amp#27;[39m Matched '/element' to command name 'findElement'
[debug] &amp#27;[35m[WD Proxy]&amp#27;[39m Proxying [POST /element] to [POST http://127.0.0.1:8200/wd/hub/session/8ff7c057-8081-4c62-888f-9f395fccef69/element] with body: {"strategy":"id","selector":"com.androidsample.generalstore:id/spinnerCountry","context":"","multiple":false}
&amp#27;[35m[WD Proxy]&amp#27;[39m Got response with status 404: {"sessionId":"8ff7c057-8081-4c62-888f-9f395fccef69","value":{"error":"no such element","message":"An element could not be located on the page using the given search parameters","stacktrace":"io.appium.uiautomator2.common.exceptions.ElementNotFoundException: An element could not be located on the page using the given search parameters\n\tat io.appium.uiautomator2.handler.FindElement.safeHandle(FindElement.java:78)\n\tat io.appium.uiautomator2.handler.request.SafeRequestHandler.handle(SafeRequestHandler.java:38)\n\tat io.appium.uiautomator2.server.AppiumServlet.handleRequest(AppiumServlet.java:252)\n\tat io.appium.uiautomator2.server.AppiumServlet.handleHttpRequest(AppiumServlet.java:242)\n\tat io.appium.uiautomator2.http.ServerHandler.channelRead(ServerHandler.java:51)\n\tat io.netty.channel.AbstractChannelHandlerContext.invokeChannelRead(AbstractChannelHandlerContext.java:366)\n\tat io.netty.channel.AbstractChannelHandlerContext.invokeChannelRead(AbstractChannelHandlerContext.java:352)\n\tat io.netty.chann...
[debug] &amp#27;[35m[W3C]&amp#27;[39m Matched W3C error code 'no such element' to NoSuchElementError
[debug] &amp#27;[35m[BaseDriver]&amp#27;[39m Waited for 1476 ms so far
[debug] &amp#27;[35m[WD Proxy]&amp#27;[39m Matched '/element' to command name 'findElement'
[debug] &amp#27;[35m[WD Proxy]&amp#27;[39m Proxying [POST /element] to [POST http://127.0.0.1:8200/wd/hub/session/8ff7c057-8081-4c62-888f-9f395fccef69/element] with body: {"strategy":"id","selector":"com.androidsample.generalstore:id/spinnerCountry","context":"","multiple":false}
&amp#27;[35m[WD Proxy]&amp#27;[39m Got response with status 404: {"sessionId":"8ff7c057-8081-4c62-888f-9f395fccef69","value":{"error":"no such element","message":"An element could not be located on the page using the given search parameters","stacktrace":"io.appium.uiautomator2.common.exceptions.ElementNotFoundException: An element could not be located on the page using the given search parameters\n\tat io.appium.uiautomator2.handler.FindElement.safeHandle(FindElement.java:78)\n\tat io.appium.uiautomator2.handler.request.SafeRequestHandler.handle(SafeRequestHandler.java:38)\n\tat io.appium.uiautomator2.server.AppiumServlet.handleRequest(AppiumServlet.java:252)\n\tat io.appium.uiautomator2.server.AppiumServlet.handleHttpRequest(AppiumServlet.java:242)\n\tat io.appium.uiautomator2.http.ServerHandler.channelRead(ServerHandler.java:51)\n\tat io.netty.channel.AbstractChannelHandlerContext.invokeChannelRead(AbstractChannelHandlerContext.java:366)\n\tat io.netty.channel.AbstractChannelHandlerContext.invokeChannelRead(AbstractChannelHandlerContext.java:352)\n\tat io.netty.chann...
[debug] &amp#27;[35m[W3C]&amp#27;[39m Matched W3C error code 'no such element' to NoSuchElementError
[debug] &amp#27;[35m[BaseDriver]&amp#27;[39m Waited for 2560 ms so far
[debug] &amp#27;[35m[WD Proxy]&amp#27;[39m Matched '/element' to command name 'findElement'
[debug] &amp#27;[35m[WD Proxy]&amp#27;[39m Proxying [POST /element] to [POST http://127.0.0.1:8200/wd/hub/session/8ff7c057-8081-4c62-888f-9f395fccef69/element] with body: {"strategy":"id","selector":"com.androidsample.generalstore:id/spinnerCountry","context":"","multiple":false}
[debug] &amp#27;[35m[WD Proxy]&amp#27;[39m Got response with status 200: {"sessionId":"8ff7c057-8081-4c62-888f-9f395fccef69","value":{"ELEMENT":"093e097b-a0dd-4542-b151-ab1b8d449377","element-6066-11e4-a52e-4f735466cecf":"093e097b-a0dd-4542-b151-ab1b8d449377"}}
[debug] &amp#27;[35m[W3C (b19d8cfe)]&amp#27;[39m Responding to client with driver.findElement() result: {"element-6066-11e4-a52e-4f735466cecf":"093e097b-a0dd-4542-b151-ab1b8d449377","ELEMENT":"093e097b-a0dd-4542-b151-ab1b8d449377"}
&amp#27;[35m[HTTP]&amp#27;[39m &amp#27;[37m<-- POST /wd/hub/session/b19d8cfe-9542-47aa-bdc8-dd409593a934/element &amp#27;[39m&amp#27;[32m200&amp#27;[39m &amp#27;[90m3955 ms - 137&amp#27;[39m
&amp#27;[35m[HTTP]&amp#27;[39m &amp#27;[90m&amp#27;[39m
&amp#27;[35m[HTTP]&amp#27;[39m &amp#27;[37m-->&amp#27;[39m &amp#27;[37mPOST&amp#27;[39m &amp#27;[37m/wd/hub/session/b19d8cfe-9542-47aa-bdc8-dd409593a934/element/093e097b-a0dd-4542-b151-ab1b8d449377/click&amp#27;[39m
&amp#27;[35m[HTTP]&amp#27;[39m &amp#27;[90m{"id":"093e097b-a0dd-4542-b151-ab1b8d449377"}&amp#27;[39m
[debug] &amp#27;[35m[W3C (b19d8cfe)]&amp#27;[39m Calling AppiumDriver.click() with args: ["093e097b-a0dd-4542-b151-ab1b8d449377","b19d8cfe-9542-47aa-bdc8-dd409593a934"]
[debug] &amp#27;[35m[WD Proxy]&amp#27;[39m Matched '/element/093e097b-a0dd-4542-b151-ab1b8d449377/click' to command name 'click'
[debug] &amp#27;[35m[WD Proxy]&amp#27;[39m Proxying [POST /element/093e097b-a0dd-4542-b151-ab1b8d449377/click] to [POST http://127.0.0.1:8200/wd/hub/session/8ff7c057-8081-4c62-888f-9f395fccef69/element/093e097b-a0dd-4542-b151-ab1b8d449377/click] with body: {"element":"093e097b-a0dd-4542-b151-ab1b8d449377"}
[debug] &amp#27;[35m[WD Proxy]&amp#27;[39m Got response with status 200: {"sessionId":"8ff7c057-8081-4c62-888f-9f395fccef69","value":null}
[debug] &amp#27;[35m[W3C (b19d8cfe)]&amp#27;[39m Responding to client with driver.click() result: null
&amp#27;[35m[HTTP]&amp#27;[39m &amp#27;[37m<-- POST /wd/hub/session/b19d8cfe-9542-47aa-bdc8-dd409593a934/element/093e097b-a0dd-4542-b151-ab1b8d449377/click &amp#27;[39m&amp#27;[32m200&amp#27;[39m &amp#27;[90m1251 ms - 14&amp#27;[39m
&amp#27;[35m[HTTP]&amp#27;[39m &amp#27;[90m&amp#27;[39m
&amp#27;[35m[HTTP]&amp#27;[39m &amp#27;[37m-->&amp#27;[39m &amp#27;[37mPOST&amp#27;[39m &amp#27;[37m/wd/hub/session/b19d8cfe-9542-47aa-bdc8-dd409593a934/element&amp#27;[39m
&amp#27;[35m[HTTP]&amp#27;[39m &amp#27;[90m{"using":"-android uiautomator","value":"new UiScrollable(new UiSelector()).scrollIntoView(text(\"Australia\"))"}&amp#27;[39m
[debug] &amp#27;[35m[W3C (b19d8cfe)]&amp#27;[39m Calling AppiumDriver.findElement() with args: ["-android uiautomator","new UiScrollable(new UiSelector()).scrollIntoView(text(\"Australia\"))","b19d8cfe-9542-47aa-bdc8-dd409593a934"]
[debug] &amp#27;[35m[BaseDriver]&amp#27;[39m Valid locator strategies for this request: xpath, id, class name, accessibility id, -android uiautomator
[debug] &amp#27;[35m[BaseDriver]&amp#27;[39m Waiting up to 30000 ms for condition
[debug] &amp#27;[35m[WD Proxy]&amp#27;[39m Matched '/element' to command name 'findElement'
[debug] &amp#27;[35m[WD Proxy]&amp#27;[39m Proxying [POST /element] to [POST http://127.0.0.1:8200/wd/hub/session/8ff7c057-8081-4c62-888f-9f395fccef69/element] with body: {"strategy":"-android uiautomator","selector":"new UiScrollable(new UiSelector()).scrollIntoView(text(\"Australia\"))","context":"","multiple":false}
[debug] &amp#27;[35m[WD Proxy]&amp#27;[39m Got response with status 200: {"sessionId":"8ff7c057-8081-4c62-888f-9f395fccef69","value":{"ELEMENT":"38189916-2573-4d2e-8eed-9e9af9ebfe28","element-6066-11e4-a52e-4f735466cecf":"38189916-2573-4d2e-8eed-9e9af9ebfe28"}}
[debug] &amp#27;[35m[W3C (b19d8cfe)]&amp#27;[39m Responding to client with driver.findElement() result: {"element-6066-11e4-a52e-4f735466cecf":"38189916-2573-4d2e-8eed-9e9af9ebfe28","ELEMENT":"38189916-2573-4d2e-8eed-9e9af9ebfe28"}
&amp#27;[35m[HTTP]&amp#27;[39m &amp#27;[37m<-- POST /wd/hub/session/b19d8cfe-9542-47aa-bdc8-dd409593a934/element &amp#27;[39m&amp#27;[32m200&amp#27;[39m &amp#27;[90m4851 ms - 137&amp#27;[39m
&amp#27;[35m[HTTP]&amp#27;[39m &amp#27;[90m&amp#27;[39m
&amp#27;[35m[HTTP]&amp#27;[39m &amp#27;[37m-->&amp#27;[39m &amp#27;[37mPOST&amp#27;[39m &amp#27;[37m/wd/hub/session/b19d8cfe-9542-47aa-bdc8-dd409593a934/element/38189916-2573-4d2e-8eed-9e9af9ebfe28/click&amp#27;[39m
&amp#27;[35m[HTTP]&amp#27;[39m &amp#27;[90m{"id":"38189916-2573-4d2e-8eed-9e9af9ebfe28"}&amp#27;[39m
[debug] &amp#27;[35m[W3C (b19d8cfe)]&amp#27;[39m Calling AppiumDriver.click() with args: ["38189916-2573-4d2e-8eed-9e9af9ebfe28","b19d8cfe-9542-47aa-bdc8-dd409593a934"]
[debug] &amp#27;[35m[WD Proxy]&amp#27;[39m Matched '/element/38189916-2573-4d2e-8eed-9e9af9ebfe28/click' to command name 'click'
[debug] &amp#27;[35m[WD Proxy]&amp#27;[39m Proxying [POST /element/38189916-2573-4d2e-8eed-9e9af9ebfe28/click] to [POST http://127.0.0.1:8200/wd/hub/session/8ff7c057-8081-4c62-888f-9f395fccef69/element/38189916-2573-4d2e-8eed-9e9af9ebfe28/click] with body: {"element":"38189916-2573-4d2e-8eed-9e9af9ebfe28"}
[debug] &amp#27;[35m[WD Proxy]&amp#27;[39m Got response with status 200: {"sessionId":"8ff7c057-8081-4c62-888f-9f395fccef69","value":null}
[debug] &amp#27;[35m[W3C (b19d8cfe)]&amp#27;[39m Responding to client with driver.click() result: null
&amp#27;[35m[HTTP]&amp#27;[39m &amp#27;[37m<-- POST /wd/hub/session/b19d8cfe-9542-47aa-bdc8-dd409593a934/element/38189916-2573-4d2e-8eed-9e9af9ebfe28/click &amp#27;[39m&amp#27;[32m200&amp#27;[39m &amp#27;[90m936 ms - 14&amp#27;[39m
&amp#27;[35m[HTTP]&amp#27;[39m &amp#27;[90m&amp#27;[39m
&amp#27;[35m[HTTP]&amp#27;[39m &amp#27;[37m-->&amp#27;[39m &amp#27;[37mPOST&amp#27;[39m &amp#27;[37m/wd/hub/session/b19d8cfe-9542-47aa-bdc8-dd409593a934/element&amp#27;[39m
&amp#27;[35m[HTTP]&amp#27;[39m &amp#27;[90m{"using":"id","value":"com.androidsample.generalstore:id/nameField"}&amp#27;[39m
[debug] &amp#27;[35m[W3C (b19d8cfe)]&amp#27;[39m Calling AppiumDriver.findElement() with args: ["id","com.androidsample.generalstore:id/nameField","b19d8cfe-9542-47aa-bdc8-dd409593a934"]
[debug] &amp#27;[35m[BaseDriver]&amp#27;[39m Valid locator strategies for this request: xpath, id, class name, accessibility id, -android uiautomator
[debug] &amp#27;[35m[BaseDriver]&amp#27;[39m Waiting up to 30000 ms for condition
[debug] &amp#27;[35m[WD Proxy]&amp#27;[39m Matched '/element' to command name 'findElement'
[debug] &amp#27;[35m[WD Proxy]&amp#27;[39m Proxying [POST /element] to [POST http://127.0.0.1:8200/wd/hub/session/8ff7c057-8081-4c62-888f-9f395fccef69/element] with body: {"strategy":"id","selector":"com.androidsample.generalstore:id/nameField","context":"","multiple":false}
[debug] &amp#27;[35m[WD Proxy]&amp#27;[39m Got response with status 200: {"sessionId":"8ff7c057-8081-4c62-888f-9f395fccef69","value":{"ELEMENT":"5f4cec48-dd11-4364-9e61-2ea0217c0298","element-6066-11e4-a52e-4f735466cecf":"5f4cec48-dd11-4364-9e61-2ea0217c0298"}}
[debug] &amp#27;[35m[W3C (b19d8cfe)]&amp#27;[39m Responding to client with driver.findElement() result: {"element-6066-11e4-a52e-4f735466cecf":"5f4cec48-dd11-4364-9e61-2ea0217c0298","ELEMENT":"5f4cec48-dd11-4364-9e61-2ea0217c0298"}
&amp#27;[35m[HTTP]&amp#27;[39m &amp#27;[37m<-- POST /wd/hub/session/b19d8cfe-9542-47aa-bdc8-dd409593a934/element &amp#27;[39m&amp#27;[32m200&amp#27;[39m &amp#27;[90m51 ms - 137&amp#27;[39m
&amp#27;[35m[HTTP]&amp#27;[39m &amp#27;[90m&amp#27;[39m
&amp#27;[35m[HTTP]&amp#27;[39m &amp#27;[37m-->&amp#27;[39m &amp#27;[37mPOST&amp#27;[39m &amp#27;[37m/wd/hub/session/b19d8cfe-9542-47aa-bdc8-dd409593a934/element/5f4cec48-dd11-4364-9e61-2ea0217c0298/value&amp#27;[39m
&amp#27;[35m[HTTP]&amp#27;[39m &amp#27;[90m{"id":"5f4cec48-dd11-4364-9e61-2ea0217c0298","text":"Nandan","value":["N","a","n","d","a","n"]}&amp#27;[39m
[debug] &amp#27;[35m[W3C (b19d8cfe)]&amp#27;[39m Calling AppiumDriver.setValue() with args: [["N","a","n","d","a","n"],"5f4cec48-dd11-4364-9e61-2ea0217c0298","b19d8cfe-9542-47aa-bdc8-dd409593a934"]
[debug] &amp#27;[35m[WD Proxy]&amp#27;[39m Matched '/element/5f4cec48-dd11-4364-9e61-2ea0217c0298/value' to command name 'setValue'
[debug] &amp#27;[35m[Protocol Converter]&amp#27;[39m Added 'value' property ["N","a","n","d","a","n"] to 'setValue' request body
[debug] &amp#27;[35m[WD Proxy]&amp#27;[39m Proxying [POST /element/5f4cec48-dd11-4364-9e61-2ea0217c0298/value] to [POST http://127.0.0.1:8200/wd/hub/session/8ff7c057-8081-4c62-888f-9f395fccef69/element/5f4cec48-dd11-4364-9e61-2ea0217c0298/value] with body: {"elementId":"5f4cec48-dd11-4364-9e61-2ea0217c0298","text":"Nandan","replace":false,"value":["N","a","n","d","a","n"]}
[debug] &amp#27;[35m[WD Proxy]&amp#27;[39m Got response with status 200: {"sessionId":"8ff7c057-8081-4c62-888f-9f395fccef69","value":null}
[debug] &amp#27;[35m[W3C (b19d8cfe)]&amp#27;[39m Responding to client with driver.setValue() result: null
&amp#27;[35m[HTTP]&amp#27;[39m &amp#27;[37m<-- POST /wd/hub/session/b19d8cfe-9542-47aa-bdc8-dd409593a934/element/5f4cec48-dd11-4364-9e61-2ea0217c0298/value &amp#27;[39m&amp#27;[32m200&amp#27;[39m &amp#27;[90m624 ms - 14&amp#27;[39m
&amp#27;[35m[HTTP]&amp#27;[39m &amp#27;[90m&amp#27;[39m
&amp#27;[35m[HTTP]&amp#27;[39m &amp#27;[37m-->&amp#27;[39m &amp#27;[37mPOST&amp#27;[39m &amp#27;[37m/wd/hub/session/b19d8cfe-9542-47aa-bdc8-dd409593a934/element&amp#27;[39m
&amp#27;[35m[HTTP]&amp#27;[39m &amp#27;[90m{"using":"id","value":"com.androidsample.generalstore:id/radioMale"}&amp#27;[39m
[debug] &amp#27;[35m[W3C (b19d8cfe)]&amp#27;[39m Calling AppiumDriver.findElement() with args: ["id","com.androidsample.generalstore:id/radioMale","b19d8cfe-9542-47aa-bdc8-dd409593a934"]
[debug] &amp#27;[35m[BaseDriver]&amp#27;[39m Valid locator strategies for this request: xpath, id, class name, accessibility id, -android uiautomator
[debug] &amp#27;[35m[BaseDriver]&amp#27;[39m Waiting up to 30000 ms for condition
[debug] &amp#27;[35m[WD Proxy]&amp#27;[39m Matched '/element' to command name 'findElement'
[debug] &amp#27;[35m[WD Proxy]&amp#27;[39m Proxying [POST /element] to [POST http://127.0.0.1:8200/wd/hub/session/8ff7c057-8081-4c62-888f-9f395fccef69/element] with body: {"strategy":"id","selector":"com.androidsample.generalstore:id/radioMale","context":"","multiple":false}
[debug] &amp#27;[35m[WD Proxy]&amp#27;[39m Got response with status 200: {"sessionId":"8ff7c057-8081-4c62-888f-9f395fccef69","value":{"ELEMENT":"c2b27a48-4ab9-4510-ac8f-38ce702356ef","element-6066-11e4-a52e-4f735466cecf":"c2b27a48-4ab9-4510-ac8f-38ce702356ef"}}
[debug] &amp#27;[35m[W3C (b19d8cfe)]&amp#27;[39m Responding to client with driver.findElement() result: {"element-6066-11e4-a52e-4f735466cecf":"c2b27a48-4ab9-4510-ac8f-38ce702356ef","ELEMENT":"c2b27a48-4ab9-4510-ac8f-38ce702356ef"}
&amp#27;[35m[HTTP]&amp#27;[39m &amp#27;[37m<-- POST /wd/hub/session/b19d8cfe-9542-47aa-bdc8-dd409593a934/element &amp#27;[39m&amp#27;[32m200&amp#27;[39m &amp#27;[90m529 ms - 137&amp#27;[39m
&amp#27;[35m[HTTP]&amp#27;[39m &amp#27;[90m&amp#27;[39m
&amp#27;[35m[HTTP]&amp#27;[39m &amp#27;[37m-->&amp#27;[39m &amp#27;[37mPOST&amp#27;[39m &amp#27;[37m/wd/hub/session/b19d8cfe-9542-47aa-bdc8-dd409593a934/element/c2b27a48-4ab9-4510-ac8f-38ce702356ef/click&amp#27;[39m
&amp#27;[35m[HTTP]&amp#27;[39m &amp#27;[90m{"id":"c2b27a48-4ab9-4510-ac8f-38ce702356ef"}&amp#27;[39m
[debug] &amp#27;[35m[W3C (b19d8cfe)]&amp#27;[39m Calling AppiumDriver.click() with args: ["c2b27a48-4ab9-4510-ac8f-38ce702356ef","b19d8cfe-9542-47aa-bdc8-dd409593a934"]
[debug] &amp#27;[35m[WD Proxy]&amp#27;[39m Matched '/element/c2b27a48-4ab9-4510-ac8f-38ce702356ef/click' to command name 'click'
[debug] &amp#27;[35m[WD Proxy]&amp#27;[39m Proxying [POST /element/c2b27a48-4ab9-4510-ac8f-38ce702356ef/click] to [POST http://127.0.0.1:8200/wd/hub/session/8ff7c057-8081-4c62-888f-9f395fccef69/element/c2b27a48-4ab9-4510-ac8f-38ce702356ef/click] with body: {"element":"c2b27a48-4ab9-4510-ac8f-38ce702356ef"}
[debug] &amp#27;[35m[WD Proxy]&amp#27;[39m Got response with status 200: {"sessionId":"8ff7c057-8081-4c62-888f-9f395fccef69","value":null}
[debug] &amp#27;[35m[W3C (b19d8cfe)]&amp#27;[39m Responding to client with driver.click() result: null
&amp#27;[35m[HTTP]&amp#27;[39m &amp#27;[37m<-- POST /wd/hub/session/b19d8cfe-9542-47aa-bdc8-dd409593a934/element/c2b27a48-4ab9-4510-ac8f-38ce702356ef/click &amp#27;[39m&amp#27;[32m200&amp#27;[39m &amp#27;[90m47 ms - 14&amp#27;[39m
&amp#27;[35m[HTTP]&amp#27;[39m &amp#27;[90m&amp#27;[39m
&amp#27;[35m[HTTP]&amp#27;[39m &amp#27;[37m-->&amp#27;[39m &amp#27;[37mPOST&amp#27;[39m &amp#27;[37m/wd/hub/session/b19d8cfe-9542-47aa-bdc8-dd409593a934/element&amp#27;[39m
&amp#27;[35m[HTTP]&amp#27;[39m &amp#27;[90m{"using":"id","value":"com.androidsample.generalstore:id/btnLetsShop"}&amp#27;[39m
[debug] &amp#27;[35m[W3C (b19d8cfe)]&amp#27;[39m Calling AppiumDriver.findElement() with args: ["id","com.androidsample.generalstore:id/btnLetsShop","b19d8cfe-9542-47aa-bdc8-dd409593a934"]
[debug] &amp#27;[35m[BaseDriver]&amp#27;[39m Valid locator strategies for this request: xpath, id, class name, accessibility id, -android uiautomator
[debug] &amp#27;[35m[BaseDriver]&amp#27;[39m Waiting up to 30000 ms for condition
[debug] &amp#27;[35m[WD Proxy]&amp#27;[39m Matched '/element' to command name 'findElement'
[debug] &amp#27;[35m[WD Proxy]&amp#27;[39m Proxying [POST /element] to [POST http://127.0.0.1:8200/wd/hub/session/8ff7c057-8081-4c62-888f-9f395fccef69/element] with body: {"strategy":"id","selector":"com.androidsample.generalstore:id/btnLetsShop","context":"","multiple":false}
[debug] &amp#27;[35m[WD Proxy]&amp#27;[39m Got response with status 200: {"sessionId":"8ff7c057-8081-4c62-888f-9f395fccef69","value":{"ELEMENT":"de9b9c12-a1a6-4e72-a926-e07f16b8e1da","element-6066-11e4-a52e-4f735466cecf":"de9b9c12-a1a6-4e72-a926-e07f16b8e1da"}}
[debug] &amp#27;[35m[W3C (b19d8cfe)]&amp#27;[39m Responding to client with driver.findElement() result: {"element-6066-11e4-a52e-4f735466cecf":"de9b9c12-a1a6-4e72-a926-e07f16b8e1da","ELEMENT":"de9b9c12-a1a6-4e72-a926-e07f16b8e1da"}
&amp#27;[35m[HTTP]&amp#27;[39m &amp#27;[37m<-- POST /wd/hub/session/b19d8cfe-9542-47aa-bdc8-dd409593a934/element &amp#27;[39m&amp#27;[32m200&amp#27;[39m &amp#27;[90m102 ms - 137&amp#27;[39m
&amp#27;[35m[HTTP]&amp#27;[39m &amp#27;[90m&amp#27;[39m
&amp#27;[35m[HTTP]&amp#27;[39m &amp#27;[37m-->&amp#27;[39m &amp#27;[37mPOST&amp#27;[39m &amp#27;[37m/wd/hub/session/b19d8cfe-9542-47aa-bdc8-dd409593a934/element/de9b9c12-a1a6-4e72-a926-e07f16b8e1da/click&amp#27;[39m
&amp#27;[35m[HTTP]&amp#27;[39m &amp#27;[90m{"id":"de9b9c12-a1a6-4e72-a926-e07f16b8e1da"}&amp#27;[39m
[debug] &amp#27;[35m[W3C (b19d8cfe)]&amp#27;[39m Calling AppiumDriver.click() with args: ["de9b9c12-a1a6-4e72-a926-e07f16b8e1da","b19d8cfe-9542-47aa-bdc8-dd409593a934"]
[debug] &amp#27;[35m[WD Proxy]&amp#27;[39m Matched '/element/de9b9c12-a1a6-4e72-a926-e07f16b8e1da/click' to command name 'click'
[debug] &amp#27;[35m[WD Proxy]&amp#27;[39m Proxying [POST /element/de9b9c12-a1a6-4e72-a926-e07f16b8e1da/click] to [POST http://127.0.0.1:8200/wd/hub/session/8ff7c057-8081-4c62-888f-9f395fccef69/element/de9b9c12-a1a6-4e72-a926-e07f16b8e1da/click] with body: {"element":"de9b9c12-a1a6-4e72-a926-e07f16b8e1da"}
[debug] &amp#27;[35m[WD Proxy]&amp#27;[39m Got response with status 200: {"sessionId":"8ff7c057-8081-4c62-888f-9f395fccef69","value":null}
[debug] &amp#27;[35m[W3C (b19d8cfe)]&amp#27;[39m Responding to client with driver.click() result: null
&amp#27;[35m[HTTP]&amp#27;[39m &amp#27;[37m<-- POST /wd/hub/session/b19d8cfe-9542-47aa-bdc8-dd409593a934/element/de9b9c12-a1a6-4e72-a926-e07f16b8e1da/click &amp#27;[39m&amp#27;[32m200&amp#27;[39m &amp#27;[90m450 ms - 14&amp#27;[39m
&amp#27;[35m[HTTP]&amp#27;[39m &amp#27;[90m&amp#27;[39m
&amp#27;[35m[HTTP]&amp#27;[39m &amp#27;[37m-->&amp#27;[39m &amp#27;[37mPOST&amp#27;[39m &amp#27;[37m/wd/hub/session/b19d8cfe-9542-47aa-bdc8-dd409593a934/elements&amp#27;[39m
&amp#27;[35m[HTTP]&amp#27;[39m &amp#27;[90m{"using":"id","value":"com.androidsample.generalstore:id/productName"}&amp#27;[39m
[debug] &amp#27;[35m[W3C (b19d8cfe)]&amp#27;[39m Calling AppiumDriver.findElements() with args: ["id","com.androidsample.generalstore:id/productName","b19d8cfe-9542-47aa-bdc8-dd409593a934"]
[debug] &amp#27;[35m[BaseDriver]&amp#27;[39m Valid locator strategies for this request: xpath, id, class name, accessibility id, -android uiautomator
[debug] &amp#27;[35m[BaseDriver]&amp#27;[39m Waiting up to 30000 ms for condition
[debug] &amp#27;[35m[WD Proxy]&amp#27;[39m Matched '/elements' to command name 'findElements'
[debug] &amp#27;[35m[WD Proxy]&amp#27;[39m Proxying [POST /elements] to [POST http://127.0.0.1:8200/wd/hub/session/8ff7c057-8081-4c62-888f-9f395fccef69/elements] with body: {"strategy":"id","selector":"com.androidsample.generalstore:id/productName","context":"","multiple":true}
[debug] &amp#27;[35m[WD Proxy]&amp#27;[39m Got response with status 200: {"sessionId":"8ff7c057-8081-4c62-888f-9f395fccef69","value":[]}
[debug] &amp#27;[35m[BaseDriver]&amp#27;[39m Waited for 69 ms so far
[debug] &amp#27;[35m[WD Proxy]&amp#27;[39m Matched '/elements' to command name 'findElements'
[debug] &amp#27;[35m[WD Proxy]&amp#27;[39m Proxying [POST /elements] to [POST http://127.0.0.1:8200/wd/hub/session/8ff7c057-8081-4c62-888f-9f395fccef69/elements] with body: {"strategy":"id","selector":"com.androidsample.generalstore:id/productName","context":"","multiple":true}
[debug] &amp#27;[35m[WD Proxy]&amp#27;[39m Got response with status 200: {"sessionId":"8ff7c057-8081-4c62-888f-9f395fccef69","value":[{"ELEMENT":"7d4083bc-aefd-41f0-ab63-78218c8ec86d","element-6066-11e4-a52e-4f735466cecf":"7d4083bc-aefd-41f0-ab63-78218c8ec86d"},{"ELEMENT":"20b5f19b-0e96-45c7-8fea-dc5b7b67c544","element-6066-11e4-a52e-4f735466cecf":"20b5f19b-0e96-45c7-8fea-dc5b7b67c544"}]}
[debug] &amp#27;[35m[W3C (b19d8cfe)]&amp#27;[39m Responding to client with driver.findElements() result: [{"element-6066-11e4-a52e-4f735466cecf":"7d4083bc-aefd-41f0-ab63-78218c8ec86d","ELEMENT":"7d4083bc-aefd-41f0-ab63-78218c8ec86d"},{"element-6066-11e4-a52e-4f735466cecf":"20b5f19b-0e96-45c7-8fea-dc5b7b67c544","ELEMENT":"20b5f19b-0e96-45c7-8fea-dc5b7b67c544"}]
&amp#27;[35m[HTTP]&amp#27;[39m &amp#27;[37m<-- POST /wd/hub/session/b19d8cfe-9542-47aa-bdc8-dd409593a934/elements &amp#27;[39m&amp#27;[32m200&amp#27;[39m &amp#27;[90m1297 ms - 267&amp#27;[39m
&amp#27;[35m[HTTP]&amp#27;[39m &amp#27;[90m&amp#27;[39m
2
&amp#27;[35m[HTTP]&amp#27;[39m &amp#27;[37m-->&amp#27;[39m &amp#27;[37mPOST&amp#27;[39m &amp#27;[37m/wd/hub/session/b19d8cfe-9542-47aa-bdc8-dd409593a934/elements&amp#27;[39m
&amp#27;[35m[HTTP]&amp#27;[39m &amp#27;[90m{"using":"id","value":"com.androidsample.generalstore:id/productAddCart"}&amp#27;[39m
[debug] &amp#27;[35m[W3C (b19d8cfe)]&amp#27;[39m Calling AppiumDriver.findElements() with args: ["id","com.androidsample.generalstore:id/productAddCart","b19d8cfe-9542-47aa-bdc8-dd409593a934"]
[debug] &amp#27;[35m[BaseDriver]&amp#27;[39m Valid locator strategies for this request: xpath, id, class name, accessibility id, -android uiautomator
[debug] &amp#27;[35m[BaseDriver]&amp#27;[39m Waiting up to 30000 ms for condition
[debug] &amp#27;[35m[WD Proxy]&amp#27;[39m Matched '/elements' to command name 'findElements'
[debug] &amp#27;[35m[WD Proxy]&amp#27;[39m Proxying [POST /elements] to [POST http://127.0.0.1:8200/wd/hub/session/8ff7c057-8081-4c62-888f-9f395fccef69/elements] with body: {"strategy":"id","selector":"com.androidsample.generalstore:id/productAddCart","context":"","multiple":true}
[debug] &amp#27;[35m[WD Proxy]&amp#27;[39m Got response with status 200: {"sessionId":"8ff7c057-8081-4c62-888f-9f395fccef69","value":[{"ELEMENT":"a2506e9e-ba35-41b9-9c5a-1053e8ad0583","element-6066-11e4-a52e-4f735466cecf":"a2506e9e-ba35-41b9-9c5a-1053e8ad0583"},{"ELEMENT":"344c6bba-1c02-4258-86b7-57f1799ca653","element-6066-11e4-a52e-4f735466cecf":"344c6bba-1c02-4258-86b7-57f1799ca653"}]}
[debug] &amp#27;[35m[W3C (b19d8cfe)]&amp#27;[39m Responding to client with driver.findElements() result: [{"element-6066-11e4-a52e-4f735466cecf":"a2506e9e-ba35-41b9-9c5a-1053e8ad0583","ELEMENT":"a2506e9e-ba35-41b9-9c5a-1053e8ad0583"},{"element-6066-11e4-a52e-4f735466cecf":"344c6bba-1c02-4258-86b7-57f1799ca653","ELEMENT":"344c6bba-1c02-4258-86b7-57f1799ca653"}]
&amp#27;[35m[HTTP]&amp#27;[39m &amp#27;[37m<-- POST /wd/hub/session/b19d8cfe-9542-47aa-bdc8-dd409593a934/elements &amp#27;[39m&amp#27;[32m200&amp#27;[39m &amp#27;[90m480 ms - 267&amp#27;[39m
&amp#27;[35m[HTTP]&amp#27;[39m &amp#27;[90m&amp#27;[39m
&amp#27;[35m[HTTP]&amp#27;[39m &amp#27;[37m-->&amp#27;[39m &amp#27;[37mPOST&amp#27;[39m &amp#27;[37m/wd/hub/session/b19d8cfe-9542-47aa-bdc8-dd409593a934/element/a2506e9e-ba35-41b9-9c5a-1053e8ad0583/click&amp#27;[39m
&amp#27;[35m[HTTP]&amp#27;[39m &amp#27;[90m{"id":"a2506e9e-ba35-41b9-9c5a-1053e8ad0583"}&amp#27;[39m
[debug] &amp#27;[35m[W3C (b19d8cfe)]&amp#27;[39m Calling AppiumDriver.click() with args: ["a2506e9e-ba35-41b9-9c5a-1053e8ad0583","b19d8cfe-9542-47aa-bdc8-dd409593a934"]
[debug] &amp#27;[35m[WD Proxy]&amp#27;[39m Matched '/element/a2506e9e-ba35-41b9-9c5a-1053e8ad0583/click' to command name 'click'
[debug] &amp#27;[35m[WD Proxy]&amp#27;[39m Proxying [POST /element/a2506e9e-ba35-41b9-9c5a-1053e8ad0583/click] to [POST http://127.0.0.1:8200/wd/hub/session/8ff7c057-8081-4c62-888f-9f395fccef69/element/a2506e9e-ba35-41b9-9c5a-1053e8ad0583/click] with body: {"element":"a2506e9e-ba35-41b9-9c5a-1053e8ad0583"}
[debug] &amp#27;[35m[WD Proxy]&amp#27;[39m Got response with status 200: {"sessionId":"8ff7c057-8081-4c62-888f-9f395fccef69","value":null}
[debug] &amp#27;[35m[W3C (b19d8cfe)]&amp#27;[39m Responding to client with driver.click() result: null
&amp#27;[35m[HTTP]&amp#27;[39m &amp#27;[37m<-- POST /wd/hub/session/b19d8cfe-9542-47aa-bdc8-dd409593a934/element/a2506e9e-ba35-41b9-9c5a-1053e8ad0583/click &amp#27;[39m&amp#27;[32m200&amp#27;[39m &amp#27;[90m45 ms - 14&amp#27;[39m
&amp#27;[35m[HTTP]&amp#27;[39m &amp#27;[90m&amp#27;[39m
&amp#27;[35m[HTTP]&amp#27;[39m &amp#27;[37m-->&amp#27;[39m &amp#27;[37mPOST&amp#27;[39m &amp#27;[37m/wd/hub/session/b19d8cfe-9542-47aa-bdc8-dd409593a934/elements&amp#27;[39m
&amp#27;[35m[HTTP]&amp#27;[39m &amp#27;[90m{"using":"id","value":"com.androidsample.generalstore:id/productAddCart"}&amp#27;[39m
[debug] &amp#27;[35m[W3C (b19d8cfe)]&amp#27;[39m Calling AppiumDriver.findElements() with args: ["id","com.androidsample.generalstore:id/productAddCart","b19d8cfe-9542-47aa-bdc8-dd409593a934"]
[debug] &amp#27;[35m[BaseDriver]&amp#27;[39m Valid locator strategies for this request: xpath, id, class name, accessibility id, -android uiautomator
[debug] &amp#27;[35m[BaseDriver]&amp#27;[39m Waiting up to 30000 ms for condition
[debug] &amp#27;[35m[WD Proxy]&amp#27;[39m Matched '/elements' to command name 'findElements'
[debug] &amp#27;[35m[WD Proxy]&amp#27;[39m Proxying [POST /elements] to [POST http://127.0.0.1:8200/wd/hub/session/8ff7c057-8081-4c62-888f-9f395fccef69/elements] with body: {"strategy":"id","selector":"com.androidsample.generalstore:id/productAddCart","context":"","multiple":true}
[debug] &amp#27;[35m[WD Proxy]&amp#27;[39m Got response with status 200: {"sessionId":"8ff7c057-8081-4c62-888f-9f395fccef69","value":[{"ELEMENT":"4cef469c-049b-4b76-a511-804d3a561769","element-6066-11e4-a52e-4f735466cecf":"4cef469c-049b-4b76-a511-804d3a561769"},{"ELEMENT":"60523c97-dba7-454d-8b94-e705e1f8626d","element-6066-11e4-a52e-4f735466cecf":"60523c97-dba7-454d-8b94-e705e1f8626d"}]}
[debug] &amp#27;[35m[W3C (b19d8cfe)]&amp#27;[39m Responding to client with driver.findElements() result: [{"element-6066-11e4-a52e-4f735466cecf":"4cef469c-049b-4b76-a511-804d3a561769","ELEMENT":"4cef469c-049b-4b76-a511-804d3a561769"},{"element-6066-11e4-a52e-4f735466cecf":"60523c97-dba7-454d-8b94-e705e1f8626d","ELEMENT":"60523c97-dba7-454d-8b94-e705e1f8626d"}]
&amp#27;[35m[HTTP]&amp#27;[39m &amp#27;[37m<-- POST /wd/hub/session/b19d8cfe-9542-47aa-bdc8-dd409593a934/elements &amp#27;[39m&amp#27;[32m200&amp#27;[39m &amp#27;[90m647 ms - 267&amp#27;[39m
&amp#27;[35m[HTTP]&amp#27;[39m &amp#27;[90m&amp#27;[39m
&amp#27;[35m[HTTP]&amp#27;[39m &amp#27;[37m-->&amp#27;[39m &amp#27;[37mPOST&amp#27;[39m &amp#27;[37m/wd/hub/session/b19d8cfe-9542-47aa-bdc8-dd409593a934/element/60523c97-dba7-454d-8b94-e705e1f8626d/click&amp#27;[39m
&amp#27;[35m[HTTP]&amp#27;[39m &amp#27;[90m{"id":"60523c97-dba7-454d-8b94-e705e1f8626d"}&amp#27;[39m
[debug] &amp#27;[35m[W3C (b19d8cfe)]&amp#27;[39m Calling AppiumDriver.click() with args: ["60523c97-dba7-454d-8b94-e705e1f8626d","b19d8cfe-9542-47aa-bdc8-dd409593a934"]
[debug] &amp#27;[35m[WD Proxy]&amp#27;[39m Matched '/element/60523c97-dba7-454d-8b94-e705e1f8626d/click' to command name 'click'
[debug] &amp#27;[35m[WD Proxy]&amp#27;[39m Proxying [POST /element/60523c97-dba7-454d-8b94-e705e1f8626d/click] to [POST http://127.0.0.1:8200/wd/hub/session/8ff7c057-8081-4c62-888f-9f395fccef69/element/60523c97-dba7-454d-8b94-e705e1f8626d/click] with body: {"element":"60523c97-dba7-454d-8b94-e705e1f8626d"}
[debug] &amp#27;[35m[WD Proxy]&amp#27;[39m Got response with status 200: {"sessionId":"8ff7c057-8081-4c62-888f-9f395fccef69","value":null}
[debug] &amp#27;[35m[W3C (b19d8cfe)]&amp#27;[39m Responding to client with driver.click() result: null
&amp#27;[35m[HTTP]&amp#27;[39m &amp#27;[37m<-- POST /wd/hub/session/b19d8cfe-9542-47aa-bdc8-dd409593a934/element/60523c97-dba7-454d-8b94-e705e1f8626d/click &amp#27;[39m&amp#27;[32m200&amp#27;[39m &amp#27;[90m50 ms - 14&amp#27;[39m
&amp#27;[35m[HTTP]&amp#27;[39m &amp#27;[90m&amp#27;[39m
&amp#27;[35m[HTTP]&amp#27;[39m &amp#27;[37m-->&amp#27;[39m &amp#27;[37mPOST&amp#27;[39m &amp#27;[37m/wd/hub/session/b19d8cfe-9542-47aa-bdc8-dd409593a934/element&amp#27;[39m
&amp#27;[35m[HTTP]&amp#27;[39m &amp#27;[90m{"using":"id","value":"com.androidsample.generalstore:id/appbar_btn_cart"}&amp#27;[39m
[debug] &amp#27;[35m[W3C (b19d8cfe)]&amp#27;[39m Calling AppiumDriver.findElement() with args: ["id","com.androidsample.generalstore:id/appbar_btn_cart","b19d8cfe-9542-47aa-bdc8-dd409593a934"]
[debug] &amp#27;[35m[BaseDriver]&amp#27;[39m Valid locator strategies for this request: xpath, id, class name, accessibility id, -android uiautomator
[debug] &amp#27;[35m[BaseDriver]&amp#27;[39m Waiting up to 30000 ms for condition
[debug] &amp#27;[35m[WD Proxy]&amp#27;[39m Matched '/element' to command name 'findElement'
[debug] &amp#27;[35m[WD Proxy]&amp#27;[39m Proxying [POST /element] to [POST http://127.0.0.1:8200/wd/hub/session/8ff7c057-8081-4c62-888f-9f395fccef69/element] with body: {"strategy":"id","selector":"com.androidsample.generalstore:id/appbar_btn_cart","context":"","multiple":false}
[debug] &amp#27;[35m[WD Proxy]&amp#27;[39m Got response with status 200: {"sessionId":"8ff7c057-8081-4c62-888f-9f395fccef69","value":{"ELEMENT":"7a6ebaa3-b387-4eed-bd8f-8c6c4686ecb8","element-6066-11e4-a52e-4f735466cecf":"7a6ebaa3-b387-4eed-bd8f-8c6c4686ecb8"}}
[debug] &amp#27;[35m[W3C (b19d8cfe)]&amp#27;[39m Responding to client with driver.findElement() result: {"element-6066-11e4-a52e-4f735466cecf":"7a6ebaa3-b387-4eed-bd8f-8c6c4686ecb8","ELEMENT":"7a6ebaa3-b387-4eed-bd8f-8c6c4686ecb8"}
&amp#27;[35m[HTTP]&amp#27;[39m &amp#27;[37m<-- POST /wd/hub/session/b19d8cfe-9542-47aa-bdc8-dd409593a934/element &amp#27;[39m&amp#27;[32m200&amp#27;[39m &amp#27;[90m512 ms - 137&amp#27;[39m
&amp#27;[35m[HTTP]&amp#27;[39m &amp#27;[90m&amp#27;[39m
&amp#27;[35m[HTTP]&amp#27;[39m &amp#27;[37m-->&amp#27;[39m &amp#27;[37mPOST&amp#27;[39m &amp#27;[37m/wd/hub/session/b19d8cfe-9542-47aa-bdc8-dd409593a934/element/7a6ebaa3-b387-4eed-bd8f-8c6c4686ecb8/click&amp#27;[39m
&amp#27;[35m[HTTP]&amp#27;[39m &amp#27;[90m{"id":"7a6ebaa3-b387-4eed-bd8f-8c6c4686ecb8"}&amp#27;[39m
[debug] &amp#27;[35m[W3C (b19d8cfe)]&amp#27;[39m Calling AppiumDriver.click() with args: ["7a6ebaa3-b387-4eed-bd8f-8c6c4686ecb8","b19d8cfe-9542-47aa-bdc8-dd409593a934"]
[debug] &amp#27;[35m[WD Proxy]&amp#27;[39m Matched '/element/7a6ebaa3-b387-4eed-bd8f-8c6c4686ecb8/click' to command name 'click'
[debug] &amp#27;[35m[WD Proxy]&amp#27;[39m Proxying [POST /element/7a6ebaa3-b387-4eed-bd8f-8c6c4686ecb8/click] to [POST http://127.0.0.1:8200/wd/hub/session/8ff7c057-8081-4c62-888f-9f395fccef69/element/7a6ebaa3-b387-4eed-bd8f-8c6c4686ecb8/click] with body: {"element":"7a6ebaa3-b387-4eed-bd8f-8c6c4686ecb8"}
[debug] &amp#27;[35m[WD Proxy]&amp#27;[39m Got response with status 200: {"sessionId":"8ff7c057-8081-4c62-888f-9f395fccef69","value":null}
[debug] &amp#27;[35m[W3C (b19d8cfe)]&amp#27;[39m Responding to client with driver.click() result: null
&amp#27;[35m[HTTP]&amp#27;[39m &amp#27;[37m<-- POST /wd/hub/session/b19d8cfe-9542-47aa-bdc8-dd409593a934/element/7a6ebaa3-b387-4eed-bd8f-8c6c4686ecb8/click &amp#27;[39m&amp#27;[32m200&amp#27;[39m &amp#27;[90m43 ms - 14&amp#27;[39m
&amp#27;[35m[HTTP]&amp#27;[39m &amp#27;[90m&amp#27;[39m
&amp#27;[35m[HTTP]&amp#27;[39m &amp#27;[37m-->&amp#27;[39m &amp#27;[37mPOST&amp#27;[39m &amp#27;[37m/wd/hub/session/b19d8cfe-9542-47aa-bdc8-dd409593a934/elements&amp#27;[39m
&amp#27;[35m[HTTP]&amp#27;[39m &amp#27;[90m{"using":"id","value":"com.androidsample.generalstore:id/productPrice"}&amp#27;[39m
[debug] &amp#27;[35m[W3C (b19d8cfe)]&amp#27;[39m Calling AppiumDriver.findElements() with args: ["id","com.androidsample.generalstore:id/productPrice","b19d8cfe-9542-47aa-bdc8-dd409593a934"]
[debug] &amp#27;[35m[BaseDriver]&amp#27;[39m Valid locator strategies for this request: xpath, id, class name, accessibility id, -android uiautomator
[debug] &amp#27;[35m[BaseDriver]&amp#27;[39m Waiting up to 30000 ms for condition
[debug] &amp#27;[35m[WD Proxy]&amp#27;[39m Matched '/elements' to command name 'findElements'
[debug] &amp#27;[35m[WD Proxy]&amp#27;[39m Proxying [POST /elements] to [POST http://127.0.0.1:8200/wd/hub/session/8ff7c057-8081-4c62-888f-9f395fccef69/elements] with body: {"strategy":"id","selector":"com.androidsample.generalstore:id/productPrice","context":"","multiple":true}
[debug] &amp#27;[35m[WD Proxy]&amp#27;[39m Got response with status 200: {"sessionId":"8ff7c057-8081-4c62-888f-9f395fccef69","value":[{"ELEMENT":"932a6baf-4260-4f71-8dce-8b00e2548335","element-6066-11e4-a52e-4f735466cecf":"932a6baf-4260-4f71-8dce-8b00e2548335"},{"ELEMENT":"ad7cb07c-46dd-4a79-9add-aafbf1e7b4c4","element-6066-11e4-a52e-4f735466cecf":"ad7cb07c-46dd-4a79-9add-aafbf1e7b4c4"}]}
[debug] &amp#27;[35m[W3C (b19d8cfe)]&amp#27;[39m Responding to client with driver.findElements() result: [{"element-6066-11e4-a52e-4f735466cecf":"932a6baf-4260-4f71-8dce-8b00e2548335","ELEMENT":"932a6baf-4260-4f71-8dce-8b00e2548335"},{"element-6066-11e4-a52e-4f735466cecf":"ad7cb07c-46dd-4a79-9add-aafbf1e7b4c4","ELEMENT":"ad7cb07c-46dd-4a79-9add-aafbf1e7b4c4"}]
&amp#27;[35m[HTTP]&amp#27;[39m &amp#27;[37m<-- POST /wd/hub/session/b19d8cfe-9542-47aa-bdc8-dd409593a934/elements &amp#27;[39m&amp#27;[32m200&amp#27;[39m &amp#27;[90m80 ms - 267&amp#27;[39m
&amp#27;[35m[HTTP]&amp#27;[39m &amp#27;[90m&amp#27;[39m
&amp#27;[35m[HTTP]&amp#27;[39m &amp#27;[37m-->&amp#27;[39m &amp#27;[37mGET&amp#27;[39m &amp#27;[37m/wd/hub/session/b19d8cfe-9542-47aa-bdc8-dd409593a934/element/932a6baf-4260-4f71-8dce-8b00e2548335/text&amp#27;[39m
&amp#27;[35m[HTTP]&amp#27;[39m &amp#27;[90m{}&amp#27;[39m
&amp#27;[35m[W3C (b19d8cfe)]&amp#27;[39m Driver proxy active, passing request on via HTTP proxy
[debug] &amp#27;[35m[WD Proxy]&amp#27;[39m Matched '/wd/hub/session/b19d8cfe-9542-47aa-bdc8-dd409593a934/element/932a6baf-4260-4f71-8dce-8b00e2548335/text' to command name 'getText'
[debug] &amp#27;[35m[WD Proxy]&amp#27;[39m Proxying [GET /wd/hub/session/b19d8cfe-9542-47aa-bdc8-dd409593a934/element/932a6baf-4260-4f71-8dce-8b00e2548335/text] to [GET http://127.0.0.1:8200/wd/hub/session/8ff7c057-8081-4c62-888f-9f395fccef69/element/932a6baf-4260-4f71-8dce-8b00e2548335/text] with body: {}
[debug] &amp#27;[35m[WD Proxy]&amp#27;[39m Got response with status 200: {"sessionId":"8ff7c057-8081-4c62-888f-9f395fccef69","value":"$160.97"}
&amp#27;[35m[WD Proxy]&amp#27;[39m Replacing sessionId 8ff7c057-8081-4c62-888f-9f395fccef69 with b19d8cfe-9542-47aa-bdc8-dd409593a934
&amp#27;[35m[HTTP]&amp#27;[39m &amp#27;[37m<-- GET /wd/hub/session/b19d8cfe-9542-47aa-bdc8-dd409593a934/element/932a6baf-4260-4f71-8dce-8b00e2548335/text &amp#27;[39m&amp#27;[32m200&amp#27;[39m &amp#27;[90m27 ms - 70&amp#27;[39m
&amp#27;[35m[HTTP]&amp#27;[39m &amp#27;[90m&amp#27;[39m
160.97
&amp#27;[35m[HTTP]&amp#27;[39m &amp#27;[37m-->&amp#27;[39m &amp#27;[37mPOST&amp#27;[39m &amp#27;[37m/wd/hub/session/b19d8cfe-9542-47aa-bdc8-dd409593a934/elements&amp#27;[39m
&amp#27;[35m[HTTP]&amp#27;[39m &amp#27;[90m{"using":"id","value":"com.androidsample.generalstore:id/productPrice"}&amp#27;[39m
[debug] &amp#27;[35m[W3C (b19d8cfe)]&amp#27;[39m Calling AppiumDriver.findElements() with args: ["id","com.androidsample.generalstore:id/productPrice","b19d8cfe-9542-47aa-bdc8-dd409593a934"]
[debug] &amp#27;[35m[BaseDriver]&amp#27;[39m Valid locator strategies for this request: xpath, id, class name, accessibility id, -android uiautomator
[debug] &amp#27;[35m[BaseDriver]&amp#27;[39m Waiting up to 30000 ms for condition
[debug] &amp#27;[35m[WD Proxy]&amp#27;[39m Matched '/elements' to command name 'findElements'
[debug] &amp#27;[35m[WD Proxy]&amp#27;[39m Proxying [POST /elements] to [POST http://127.0.0.1:8200/wd/hub/session/8ff7c057-8081-4c62-888f-9f395fccef69/elements] with body: {"strategy":"id","selector":"com.androidsample.generalstore:id/productPrice","context":"","multiple":true}
[debug] &amp#27;[35m[WD Proxy]&amp#27;[39m Got response with status 200: {"sessionId":"8ff7c057-8081-4c62-888f-9f395fccef69","value":[{"ELEMENT":"8ffa120d-6473-4493-b84f-fcf07ee751d0","element-6066-11e4-a52e-4f735466cecf":"8ffa120d-6473-4493-b84f-fcf07ee751d0"},{"ELEMENT":"8deacb00-56ba-460e-9644-05f799ffae5a","element-6066-11e4-a52e-4f735466cecf":"8deacb00-56ba-460e-9644-05f799ffae5a"}]}
[debug] &amp#27;[35m[W3C (b19d8cfe)]&amp#27;[39m Responding to client with driver.findElements() result: [{"element-6066-11e4-a52e-4f735466cecf":"8ffa120d-6473-4493-b84f-fcf07ee751d0","ELEMENT":"8ffa120d-6473-4493-b84f-fcf07ee751d0"},{"element-6066-11e4-a52e-4f735466cecf":"8deacb00-56ba-460e-9644-05f799ffae5a","ELEMENT":"8deacb00-56ba-460e-9644-05f799ffae5a"}]
&amp#27;[35m[HTTP]&amp#27;[39m &amp#27;[37m<-- POST /wd/hub/session/b19d8cfe-9542-47aa-bdc8-dd409593a934/elements &amp#27;[39m&amp#27;[32m200&amp#27;[39m &amp#27;[90m42 ms - 267&amp#27;[39m
&amp#27;[35m[HTTP]&amp#27;[39m &amp#27;[90m&amp#27;[39m
&amp#27;[35m[HTTP]&amp#27;[39m &amp#27;[37m-->&amp#27;[39m &amp#27;[37mGET&amp#27;[39m &amp#27;[37m/wd/hub/session/b19d8cfe-9542-47aa-bdc8-dd409593a934/element/8deacb00-56ba-460e-9644-05f799ffae5a/text&amp#27;[39m
&amp#27;[35m[HTTP]&amp#27;[39m &amp#27;[90m{}&amp#27;[39m
&amp#27;[35m[W3C (b19d8cfe)]&amp#27;[39m Driver proxy active, passing request on via HTTP proxy
[debug] &amp#27;[35m[WD Proxy]&amp#27;[39m Matched '/wd/hub/session/b19d8cfe-9542-47aa-bdc8-dd409593a934/element/8deacb00-56ba-460e-9644-05f799ffae5a/text' to command name 'getText'
[debug] &amp#27;[35m[WD Proxy]&amp#27;[39m Proxying [GET /wd/hub/session/b19d8cfe-9542-47aa-bdc8-dd409593a934/element/8deacb00-56ba-460e-9644-05f799ffae5a/text] to [GET http://127.0.0.1:8200/wd/hub/session/8ff7c057-8081-4c62-888f-9f395fccef69/element/8deacb00-56ba-460e-9644-05f799ffae5a/text] with body: {}
[debug] &amp#27;[35m[WD Proxy]&amp#27;[39m Got response with status 200: {"sessionId":"8ff7c057-8081-4c62-888f-9f395fccef69","value":"$120.0"}
&amp#27;[35m[WD Proxy]&amp#27;[39m Replacing sessionId 8ff7c057-8081-4c62-888f-9f395fccef69 with b19d8cfe-9542-47aa-bdc8-dd409593a934
&amp#27;[35m[HTTP]&amp#27;[39m &amp#27;[37m<-- GET /wd/hub/session/b19d8cfe-9542-47aa-bdc8-dd409593a934/element/8deacb00-56ba-460e-9644-05f799ffae5a/text &amp#27;[39m&amp#27;[32m200&amp#27;[39m &amp#27;[90m20 ms - 69&amp#27;[39m
&amp#27;[35m[HTTP]&amp#27;[39m &amp#27;[90m&amp#27;[39m
120.0
&amp#27;[35m[HTTP]&amp#27;[39m &amp#27;[37m-->&amp#27;[39m &amp#27;[37mPOST&amp#27;[39m &amp#27;[37m/wd/hub/session/b19d8cfe-9542-47aa-bdc8-dd409593a934/element&amp#27;[39m
&amp#27;[35m[HTTP]&amp#27;[39m &amp#27;[90m{"using":"id","value":"com.androidsample.generalstore:id/totalAmountLbl"}&amp#27;[39m
[debug] &amp#27;[35m[W3C (b19d8cfe)]&amp#27;[39m Calling AppiumDriver.findElement() with args: ["id","com.androidsample.generalstore:id/totalAmountLbl","b19d8cfe-9542-47aa-bdc8-dd409593a934"]
[debug] &amp#27;[35m[BaseDriver]&amp#27;[39m Valid locator strategies for this request: xpath, id, class name, accessibility id, -android uiautomator
[debug] &amp#27;[35m[BaseDriver]&amp#27;[39m Waiting up to 30000 ms for condition
[debug] &amp#27;[35m[WD Proxy]&amp#27;[39m Matched '/element' to command name 'findElement'
[debug] &amp#27;[35m[WD Proxy]&amp#27;[39m Proxying [POST /element] to [POST http://127.0.0.1:8200/wd/hub/session/8ff7c057-8081-4c62-888f-9f395fccef69/element] with body: {"strategy":"id","selector":"com.androidsample.generalstore:id/totalAmountLbl","context":"","multiple":false}
[debug] &amp#27;[35m[WD Proxy]&amp#27;[39m Got response with status 200: {"sessionId":"8ff7c057-8081-4c62-888f-9f395fccef69","value":{"ELEMENT":"2fad0b77-181a-479b-9e90-698eabbda23d","element-6066-11e4-a52e-4f735466cecf":"2fad0b77-181a-479b-9e90-698eabbda23d"}}
[debug] &amp#27;[35m[W3C (b19d8cfe)]&amp#27;[39m Responding to client with driver.findElement() result: {"element-6066-11e4-a52e-4f735466cecf":"2fad0b77-181a-479b-9e90-698eabbda23d","ELEMENT":"2fad0b77-181a-479b-9e90-698eabbda23d"}
&amp#27;[35m[HTTP]&amp#27;[39m &amp#27;[37m<-- POST /wd/hub/session/b19d8cfe-9542-47aa-bdc8-dd409593a934/element &amp#27;[39m&amp#27;[32m200&amp#27;[39m &amp#27;[90m22 ms - 137&amp#27;[39m
&amp#27;[35m[HTTP]&amp#27;[39m &amp#27;[90m&amp#27;[39m
&amp#27;[35m[HTTP]&amp#27;[39m &amp#27;[37m-->&amp#27;[39m &amp#27;[37mGET&amp#27;[39m &amp#27;[37m/wd/hub/session/b19d8cfe-9542-47aa-bdc8-dd409593a934/element/2fad0b77-181a-479b-9e90-698eabbda23d/text&amp#27;[39m
&amp#27;[35m[HTTP]&amp#27;[39m &amp#27;[90m{}&amp#27;[39m
&amp#27;[35m[W3C (b19d8cfe)]&amp#27;[39m Driver proxy active, passing request on via HTTP proxy
[debug] &amp#27;[35m[WD Proxy]&amp#27;[39m Matched '/wd/hub/session/b19d8cfe-9542-47aa-bdc8-dd409593a934/element/2fad0b77-181a-479b-9e90-698eabbda23d/text' to command name 'getText'
[debug] &amp#27;[35m[WD Proxy]&amp#27;[39m Proxying [GET /wd/hub/session/b19d8cfe-9542-47aa-bdc8-dd409593a934/element/2fad0b77-181a-479b-9e90-698eabbda23d/text] to [GET http://127.0.0.1:8200/wd/hub/session/8ff7c057-8081-4c62-888f-9f395fccef69/element/2fad0b77-181a-479b-9e90-698eabbda23d/text] with body: {}
[debug] &amp#27;[35m[WD Proxy]&amp#27;[39m Got response with status 200: {"sessionId":"8ff7c057-8081-4c62-888f-9f395fccef69","value":"$ 280.97"}
&amp#27;[35m[WD Proxy]&amp#27;[39m Replacing sessionId 8ff7c057-8081-4c62-888f-9f395fccef69 with b19d8cfe-9542-47aa-bdc8-dd409593a934
&amp#27;[35m[HTTP]&amp#27;[39m &amp#27;[37m<-- GET /wd/hub/session/b19d8cfe-9542-47aa-bdc8-dd409593a934/element/2fad0b77-181a-479b-9e90-698eabbda23d/text &amp#27;[39m&amp#27;[32m200&amp#27;[39m &amp#27;[90m11 ms - 71&amp#27;[39m
&amp#27;[35m[HTTP]&amp#27;[39m &amp#27;[90m&amp#27;[39m
280.97
280.97
&amp#27;[35m[HTTP]&amp#27;[39m &amp#27;[37m-->&amp#27;[39m &amp#27;[37mPOST&amp#27;[39m &amp#27;[37m/wd/hub/session/b19d8cfe-9542-47aa-bdc8-dd409593a934/element&amp#27;[39m
&amp#27;[35m[HTTP]&amp#27;[39m &amp#27;[90m{"using":"class name","value":"android.widget.CheckBox"}&amp#27;[39m
[debug] &amp#27;[35m[W3C (b19d8cfe)]&amp#27;[39m Calling AppiumDriver.findElement() with args: ["class name","android.widget.CheckBox","b19d8cfe-9542-47aa-bdc8-dd409593a934"]
[debug] &amp#27;[35m[BaseDriver]&amp#27;[39m Valid locator strategies for this request: xpath, id, class name, accessibility id, -android uiautomator
[debug] &amp#27;[35m[BaseDriver]&amp#27;[39m Waiting up to 30000 ms for condition
[debug] &amp#27;[35m[WD Proxy]&amp#27;[39m Matched '/element' to command name 'findElement'
[debug] &amp#27;[35m[WD Proxy]&amp#27;[39m Proxying [POST /element] to [POST http://127.0.0.1:8200/wd/hub/session/8ff7c057-8081-4c62-888f-9f395fccef69/element] with body: {"strategy":"class name","selector":"android.widget.CheckBox","context":"","multiple":false}
[debug] &amp#27;[35m[WD Proxy]&amp#27;[39m Got response with status 200: {"sessionId":"8ff7c057-8081-4c62-888f-9f395fccef69","value":{"ELEMENT":"93b4dc32-a14f-4269-8320-ae357579e2a6","element-6066-11e4-a52e-4f735466cecf":"93b4dc32-a14f-4269-8320-ae357579e2a6"}}
[debug] &amp#27;[35m[W3C (b19d8cfe)]&amp#27;[39m Responding to client with driver.findElement() result: {"element-6066-11e4-a52e-4f735466cecf":"93b4dc32-a14f-4269-8320-ae357579e2a6","ELEMENT":"93b4dc32-a14f-4269-8320-ae357579e2a6"}
&amp#27;[35m[HTTP]&amp#27;[39m &amp#27;[37m<-- POST /wd/hub/session/b19d8cfe-9542-47aa-bdc8-dd409593a934/element &amp#27;[39m&amp#27;[32m200&amp#27;[39m &amp#27;[90m27 ms - 137&amp#27;[39m
&amp#27;[35m[HTTP]&amp#27;[39m &amp#27;[90m&amp#27;[39m
&amp#27;[35m[HTTP]&amp#27;[39m &amp#27;[37m-->&amp#27;[39m &amp#27;[37mPOST&amp#27;[39m &amp#27;[37m/wd/hub/session/b19d8cfe-9542-47aa-bdc8-dd409593a934/element/93b4dc32-a14f-4269-8320-ae357579e2a6/click&amp#27;[39m
&amp#27;[35m[HTTP]&amp#27;[39m &amp#27;[90m{"id":"93b4dc32-a14f-4269-8320-ae357579e2a6"}&amp#27;[39m
[debug] &amp#27;[35m[W3C (b19d8cfe)]&amp#27;[39m Calling AppiumDriver.click() with args: ["93b4dc32-a14f-4269-8320-ae357579e2a6","b19d8cfe-9542-47aa-bdc8-dd409593a934"]
[debug] &amp#27;[35m[WD Proxy]&amp#27;[39m Matched '/element/93b4dc32-a14f-4269-8320-ae357579e2a6/click' to command name 'click'
[debug] &amp#27;[35m[WD Proxy]&amp#27;[39m Proxying [POST /element/93b4dc32-a14f-4269-8320-ae357579e2a6/click] to [POST http://127.0.0.1:8200/wd/hub/session/8ff7c057-8081-4c62-888f-9f395fccef69/element/93b4dc32-a14f-4269-8320-ae357579e2a6/click] with body: {"element":"93b4dc32-a14f-4269-8320-ae357579e2a6"}
[debug] &amp#27;[35m[WD Proxy]&amp#27;[39m Got response with status 200: {"sessionId":"8ff7c057-8081-4c62-888f-9f395fccef69","value":null}
[debug] &amp#27;[35m[W3C (b19d8cfe)]&amp#27;[39m Responding to client with driver.click() result: null
&amp#27;[35m[HTTP]&amp#27;[39m &amp#27;[37m<-- POST /wd/hub/session/b19d8cfe-9542-47aa-bdc8-dd409593a934/element/93b4dc32-a14f-4269-8320-ae357579e2a6/click &amp#27;[39m&amp#27;[32m200&amp#27;[39m &amp#27;[90m71 ms - 14&amp#27;[39m
&amp#27;[35m[HTTP]&amp#27;[39m &amp#27;[90m&amp#27;[39m
&amp#27;[35m[HTTP]&amp#27;[39m &amp#27;[37m-->&amp#27;[39m &amp#27;[37mPOST&amp#27;[39m &amp#27;[37m/wd/hub/session/b19d8cfe-9542-47aa-bdc8-dd409593a934/element&amp#27;[39m
&amp#27;[35m[HTTP]&amp#27;[39m &amp#27;[90m{"using":"id","value":"com.androidsample.generalstore:id/termsButton"}&amp#27;[39m
[debug] &amp#27;[35m[W3C (b19d8cfe)]&amp#27;[39m Calling AppiumDriver.findElement() with args: ["id","com.androidsample.generalstore:id/termsButton","b19d8cfe-9542-47aa-bdc8-dd409593a934"]
[debug] &amp#27;[35m[BaseDriver]&amp#27;[39m Valid locator strategies for this request: xpath, id, class name, accessibility id, -android uiautomator
[debug] &amp#27;[35m[BaseDriver]&amp#27;[39m Waiting up to 30000 ms for condition
[debug] &amp#27;[35m[WD Proxy]&amp#27;[39m Matched '/element' to command name 'findElement'
[debug] &amp#27;[35m[WD Proxy]&amp#27;[39m Proxying [POST /element] to [POST http://127.0.0.1:8200/wd/hub/session/8ff7c057-8081-4c62-888f-9f395fccef69/element] with body: {"strategy":"id","selector":"com.androidsample.generalstore:id/termsButton","context":"","multiple":false}
[debug] &amp#27;[35m[WD Proxy]&amp#27;[39m Got response with status 200: {"sessionId":"8ff7c057-8081-4c62-888f-9f395fccef69","value":{"ELEMENT":"a27924a3-0e99-4851-b09d-9b43b5c32b23","element-6066-11e4-a52e-4f735466cecf":"a27924a3-0e99-4851-b09d-9b43b5c32b23"}}
[debug] &amp#27;[35m[W3C (b19d8cfe)]&amp#27;[39m Responding to client with driver.findElement() result: {"element-6066-11e4-a52e-4f735466cecf":"a27924a3-0e99-4851-b09d-9b43b5c32b23","ELEMENT":"a27924a3-0e99-4851-b09d-9b43b5c32b23"}
&amp#27;[35m[HTTP]&amp#27;[39m &amp#27;[37m<-- POST /wd/hub/session/b19d8cfe-9542-47aa-bdc8-dd409593a934/element &amp#27;[39m&amp#27;[32m200&amp#27;[39m &amp#27;[90m55 ms - 137&amp#27;[39m
&amp#27;[35m[HTTP]&amp#27;[39m &amp#27;[90m&amp#27;[39m
&amp#27;[35m[HTTP]&amp#27;[39m &amp#27;[37m-->&amp#27;[39m &amp#27;[37mPOST&amp#27;[39m &amp#27;[37m/wd/hub/session/b19d8cfe-9542-47aa-bdc8-dd409593a934/touch/perform&amp#27;[39m
&amp#27;[35m[HTTP]&amp#27;[39m &amp#27;[90m{"actions":[{"action":"longPress","options":{"duration":3000,"element":"a27924a3-0e99-4851-b09d-9b43b5c32b23"}},{"action":"release","options":{}}]}&amp#27;[39m
[debug] &amp#27;[35m[W3C (b19d8cfe)]&amp#27;[39m Calling AppiumDriver.performTouch() with args: [[{"action":"longPress","options":{"duration":3000,"element":"a27924a3-0e99-4851-b09d-9b43b5c32b23"}},{"action":"release","options":{}}],"b19d8cfe-9542-47aa-bdc8-dd409593a934"]
&amp#27;[35m[UiAutomator2]&amp#27;[39m calling get location: a27924a3-0e99-4851-b09d-9b43b5c32b23
[debug] &amp#27;[35m[WD Proxy]&amp#27;[39m Matched '/element/a27924a3-0e99-4851-b09d-9b43b5c32b23/location' to command name 'getLocation'
[debug] &amp#27;[35m[WD Proxy]&amp#27;[39m Proxying [GET /element/a27924a3-0e99-4851-b09d-9b43b5c32b23/location] to [GET http://127.0.0.1:8200/wd/hub/session/8ff7c057-8081-4c62-888f-9f395fccef69/element/a27924a3-0e99-4851-b09d-9b43b5c32b23/location] with body: {}
[debug] &amp#27;[35m[WD Proxy]&amp#27;[39m Got response with status 200: {"sessionId":"8ff7c057-8081-4c62-888f-9f395fccef69","value":{"x":55,"y":1983}}
[debug] &amp#27;[35m[WD Proxy]&amp#27;[39m Matched '/element/a27924a3-0e99-4851-b09d-9b43b5c32b23/size' to command name 'getSize'
[debug] &amp#27;[35m[WD Proxy]&amp#27;[39m Proxying [GET /element/a27924a3-0e99-4851-b09d-9b43b5c32b23/size] to [GET http://127.0.0.1:8200/wd/hub/session/8ff7c057-8081-4c62-888f-9f395fccef69/element/a27924a3-0e99-4851-b09d-9b43b5c32b23/size] with body: {}
[debug] &amp#27;[35m[WD Proxy]&amp#27;[39m Got response with status 200: {"sessionId":"8ff7c057-8081-4c62-888f-9f395fccef69","value":{"width":970,"height":83}}
[debug] &amp#27;[35m[WD Proxy]&amp#27;[39m Matched '/touch/longclick' to command name 'touchLongClick'
[debug] &amp#27;[35m[WD Proxy]&amp#27;[39m Proxying [POST /touch/longclick] to [POST http://127.0.0.1:8200/wd/hub/session/8ff7c057-8081-4c62-888f-9f395fccef69/touch/longclick] with body: {"params":{"element":"a27924a3-0e99-4851-b09d-9b43b5c32b23","x":540,"y":2024.5,"duration":3000}}
[debug] &amp#27;[35m[WD Proxy]&amp#27;[39m Got response with status 200: {"sessionId":"8ff7c057-8081-4c62-888f-9f395fccef69","value":null}
[debug] &amp#27;[35m[W3C (b19d8cfe)]&amp#27;[39m Responding to client with driver.performTouch() result: null
&amp#27;[35m[HTTP]&amp#27;[39m &amp#27;[37m<-- POST /wd/hub/session/b19d8cfe-9542-47aa-bdc8-dd409593a934/touch/perform &amp#27;[39m&amp#27;[32m200&amp#27;[39m &amp#27;[90m5007 ms - 14&amp#27;[39m
&amp#27;[35m[HTTP]&amp#27;[39m &amp#27;[90m&amp#27;[39m
&amp#27;[35m[HTTP]&amp#27;[39m &amp#27;[37m-->&amp#27;[39m &amp#27;[37mPOST&amp#27;[39m &amp#27;[37m/wd/hub/session/b19d8cfe-9542-47aa-bdc8-dd409593a934/element&amp#27;[39m
&amp#27;[35m[HTTP]&amp#27;[39m &amp#27;[90m{"using":"id","value":"android:id/button1"}&amp#27;[39m
[debug] &amp#27;[35m[W3C (b19d8cfe)]&amp#27;[39m Calling AppiumDriver.findElement() with args: ["id","android:id/button1","b19d8cfe-9542-47aa-bdc8-dd409593a934"]
[debug] &amp#27;[35m[BaseDriver]&amp#27;[39m Valid locator strategies for this request: xpath, id, class name, accessibility id, -android uiautomator
[debug] &amp#27;[35m[BaseDriver]&amp#27;[39m Waiting up to 30000 ms for condition
[debug] &amp#27;[35m[WD Proxy]&amp#27;[39m Matched '/element' to command name 'findElement'
[debug] &amp#27;[35m[WD Proxy]&amp#27;[39m Proxying [POST /element] to [POST http://127.0.0.1:8200/wd/hub/session/8ff7c057-8081-4c62-888f-9f395fccef69/element] with body: {"strategy":"id","selector":"android:id/button1","context":"","multiple":false}
[debug] &amp#27;[35m[WD Proxy]&amp#27;[39m Got response with status 200: {"sessionId":"8ff7c057-8081-4c62-888f-9f395fccef69","value":{"ELEMENT":"3669f11a-db45-4945-8e60-c81db8ee3b69","element-6066-11e4-a52e-4f735466cecf":"3669f11a-db45-4945-8e60-c81db8ee3b69"}}
[debug] &amp#27;[35m[W3C (b19d8cfe)]&amp#27;[39m Responding to client with driver.findElement() result: {"element-6066-11e4-a52e-4f735466cecf":"3669f11a-db45-4945-8e60-c81db8ee3b69","ELEMENT":"3669f11a-db45-4945-8e60-c81db8ee3b69"}
&amp#27;[35m[HTTP]&amp#27;[39m &amp#27;[37m<-- POST /wd/hub/session/b19d8cfe-9542-47aa-bdc8-dd409593a934/element &amp#27;[39m&amp#27;[32m200&amp#27;[39m &amp#27;[90m36 ms - 137&amp#27;[39m
&amp#27;[35m[HTTP]&amp#27;[39m &amp#27;[90m&amp#27;[39m
&amp#27;[35m[HTTP]&amp#27;[39m &amp#27;[37m-->&amp#27;[39m &amp#27;[37mPOST&amp#27;[39m &amp#27;[37m/wd/hub/session/b19d8cfe-9542-47aa-bdc8-dd409593a934/element/3669f11a-db45-4945-8e60-c81db8ee3b69/click&amp#27;[39m
&amp#27;[35m[HTTP]&amp#27;[39m &amp#27;[90m{"id":"3669f11a-db45-4945-8e60-c81db8ee3b69"}&amp#27;[39m
[debug] &amp#27;[35m[W3C (b19d8cfe)]&amp#27;[39m Calling AppiumDriver.click() with args: ["3669f11a-db45-4945-8e60-c81db8ee3b69","b19d8cfe-9542-47aa-bdc8-dd409593a934"]
[debug] &amp#27;[35m[WD Proxy]&amp#27;[39m Matched '/element/3669f11a-db45-4945-8e60-c81db8ee3b69/click' to command name 'click'
[debug] &amp#27;[35m[WD Proxy]&amp#27;[39m Proxying [POST /element/3669f11a-db45-4945-8e60-c81db8ee3b69/click] to [POST http://127.0.0.1:8200/wd/hub/session/8ff7c057-8081-4c62-888f-9f395fccef69/element/3669f11a-db45-4945-8e60-c81db8ee3b69/click] with body: {"element":"3669f11a-db45-4945-8e60-c81db8ee3b69"}
[debug] &amp#27;[35m[WD Proxy]&amp#27;[39m Got response with status 200: {"sessionId":"8ff7c057-8081-4c62-888f-9f395fccef69","value":null}
[debug] &amp#27;[35m[W3C (b19d8cfe)]&amp#27;[39m Responding to client with driver.click() result: null
&amp#27;[35m[HTTP]&amp#27;[39m &amp#27;[37m<-- POST /wd/hub/session/b19d8cfe-9542-47aa-bdc8-dd409593a934/element/3669f11a-db45-4945-8e60-c81db8ee3b69/click &amp#27;[39m&amp#27;[32m200&amp#27;[39m &amp#27;[90m58 ms - 14&amp#27;[39m
&amp#27;[35m[HTTP]&amp#27;[39m &amp#27;[90m&amp#27;[39m
&amp#27;[35m[HTTP]&amp#27;[39m &amp#27;[37m-->&amp#27;[39m &amp#27;[37mPOST&amp#27;[39m &amp#27;[37m/wd/hub/session/b19d8cfe-9542-47aa-bdc8-dd409593a934/element&amp#27;[39m
&amp#27;[35m[HTTP]&amp#27;[39m &amp#27;[90m{"using":"id","value":"com.androidsample.generalstore:id/btnProceed"}&amp#27;[39m
[debug] &amp#27;[35m[W3C (b19d8cfe)]&amp#27;[39m Calling AppiumDriver.findElement() with args: ["id","com.androidsample.generalstore:id/btnProceed","b19d8cfe-9542-47aa-bdc8-dd409593a934"]
[debug] &amp#27;[35m[BaseDriver]&amp#27;[39m Valid locator strategies for this request: xpath, id, class name, accessibility id, -android uiautomator
[debug] &amp#27;[35m[BaseDriver]&amp#27;[39m Waiting up to 30000 ms for condition
[debug] &amp#27;[35m[WD Proxy]&amp#27;[39m Matched '/element' to command name 'findElement'
[debug] &amp#27;[35m[WD Proxy]&amp#27;[39m Proxying [POST /element] to [POST http://127.0.0.1:8200/wd/hub/session/8ff7c057-8081-4c62-888f-9f395fccef69/element] with body: {"strategy":"id","selector":"com.androidsample.generalstore:id/btnProceed","context":"","multiple":false}
[debug] &amp#27;[35m[WD Proxy]&amp#27;[39m Got response with status 200: {"sessionId":"8ff7c057-8081-4c62-888f-9f395fccef69","value":{"ELEMENT":"f98540ef-b4fb-486e-9a6f-1dab75f5ac81","element-6066-11e4-a52e-4f735466cecf":"f98540ef-b4fb-486e-9a6f-1dab75f5ac81"}}
[debug] &amp#27;[35m[W3C (b19d8cfe)]&amp#27;[39m Responding to client with driver.findElement() result: {"element-6066-11e4-a52e-4f735466cecf":"f98540ef-b4fb-486e-9a6f-1dab75f5ac81","ELEMENT":"f98540ef-b4fb-486e-9a6f-1dab75f5ac81"}
&amp#27;[35m[HTTP]&amp#27;[39m &amp#27;[37m<-- POST /wd/hub/session/b19d8cfe-9542-47aa-bdc8-dd409593a934/element &amp#27;[39m&amp#27;[32m200&amp#27;[39m &amp#27;[90m90 ms - 137&amp#27;[39m
&amp#27;[35m[HTTP]&amp#27;[39m &amp#27;[90m&amp#27;[39m
&amp#27;[35m[HTTP]&amp#27;[39m &amp#27;[37m-->&amp#27;[39m &amp#27;[37mPOST&amp#27;[39m &amp#27;[37m/wd/hub/session/b19d8cfe-9542-47aa-bdc8-dd409593a934/element/f98540ef-b4fb-486e-9a6f-1dab75f5ac81/click&amp#27;[39m
&amp#27;[35m[HTTP]&amp#27;[39m &amp#27;[90m{"id":"f98540ef-b4fb-486e-9a6f-1dab75f5ac81"}&amp#27;[39m
[debug] &amp#27;[35m[W3C (b19d8cfe)]&amp#27;[39m Calling AppiumDriver.click() with args: ["f98540ef-b4fb-486e-9a6f-1dab75f5ac81","b19d8cfe-9542-47aa-bdc8-dd409593a934"]
[debug] &amp#27;[35m[WD Proxy]&amp#27;[39m Matched '/element/f98540ef-b4fb-486e-9a6f-1dab75f5ac81/click' to command name 'click'
[debug] &amp#27;[35m[WD Proxy]&amp#27;[39m Proxying [POST /element/f98540ef-b4fb-486e-9a6f-1dab75f5ac81/click] to [POST http://127.0.0.1:8200/wd/hub/session/8ff7c057-8081-4c62-888f-9f395fccef69/element/f98540ef-b4fb-486e-9a6f-1dab75f5ac81/click] with body: {"element":"f98540ef-b4fb-486e-9a6f-1dab75f5ac81"}
[debug] &amp#27;[35m[WD Proxy]&amp#27;[39m Got response with status 200: {"sessionId":"8ff7c057-8081-4c62-888f-9f395fccef69","value":null}
[debug] &amp#27;[35m[W3C (b19d8cfe)]&amp#27;[39m Responding to client with driver.click() result: null
&amp#27;[35m[HTTP]&amp#27;[39m &amp#27;[37m<-- POST /wd/hub/session/b19d8cfe-9542-47aa-bdc8-dd409593a934/element/f98540ef-b4fb-486e-9a6f-1dab75f5ac81/click &amp#27;[39m&amp#27;[32m200&amp#27;[39m &amp#27;[90m515 ms - 14&amp#27;[39m
&amp#27;[35m[HTTP]&amp#27;[39m &amp#27;[90m&amp#27;[39m
&amp#27;[35m[HTTP]&amp#27;[39m &amp#27;[37m-->&amp#27;[39m &amp#27;[37mGET&amp#27;[39m &amp#27;[37m/wd/hub/session/b19d8cfe-9542-47aa-bdc8-dd409593a934/contexts&amp#27;[39m
&amp#27;[35m[HTTP]&amp#27;[39m &amp#27;[90m{}&amp#27;[39m
[debug] &amp#27;[35m[W3C (b19d8cfe)]&amp#27;[39m Calling AppiumDriver.getContexts() with args: ["b19d8cfe-9542-47aa-bdc8-dd409593a934"]
[debug] &amp#27;[35m[AndroidDriver]&amp#27;[39m Getting a list of available webviews
[debug] &amp#27;[35m[ADB]&amp#27;[39m Running 'C:\Users\nandan\AppData\Local\Android\Sdk\platform-tools\adb.exe -P 5037 -s emulator-5554 shell cat /proc/net/unix'
&amp#27;[35m[AndroidDriver]&amp#27;[39m Not checking whether webviews have active pages; use the 'ensureWebviewsHavePages' cap to turn this check on
[debug] &amp#27;[35m[AndroidDriver]&amp#27;[39m WEBVIEW_13880 mapped to pid 13880
[debug] &amp#27;[35m[AndroidDriver]&amp#27;[39m Getting process name for webview
[debug] &amp#27;[35m[ADB]&amp#27;[39m Running 'C:\Users\nandan\AppData\Local\Android\Sdk\platform-tools\adb.exe -P 5037 -s emulator-5554 shell ps'
[debug] &amp#27;[35m[AndroidDriver]&amp#27;[39m Parsed pid: '13880' pkg: 'com.androidsample.generalstore' from
[debug] &amp#27;[35m[AndroidDriver]&amp#27;[39m     USER           PID  PPID     VSZ    RSS WCHAN            ADDR S NAME
[debug] &amp#27;[35m[AndroidDriver]&amp#27;[39m     u0_a83       13880  1512 1716152 195472 SyS_epoll_wait      0 S com.androidsample.generalstore
[debug] &amp#27;[35m[AndroidDriver]&amp#27;[39m Returning process name: 'com.androidsample.generalstore'
[debug] &amp#27;[35m[AndroidDriver]&amp#27;[39m Found webviews: ["WEBVIEW_com.androidsample.generalstore"]
[debug] &amp#27;[35m[AndroidDriver]&amp#27;[39m Available contexts: ["NATIVE_APP","WEBVIEW_com.androidsample.generalstore"]
[debug] &amp#27;[35m[W3C (b19d8cfe)]&amp#27;[39m Responding to client with driver.getContexts() result: ["NATIVE_APP","WEBVIEW_com.androidsample.generalstore"]
&amp#27;[35m[HTTP]&amp#27;[39m &amp#27;NATIVE_APP
[37WEBVIEW_com.androidsample.generalstore
m<-- GET /wd/hub/session/b19d8cfe-9542-47aa-bdc8-dd409593a934/contexts &amp#27;[39m&amp#27;[32m200&amp#27;[39m &amp#27;[90m310 ms - 65&amp#27;[39m
&amp#27;[35m[HTTP]&amp#27;[39m &amp#27;[90m&amp#27;[39m
]]></system-out>
    <system-err><![CDATA[SLF4J: Failed to load class "org.slf4j.impl.StaticLoggerBinder".
SLF4J: Defaulting to no-operation (NOP) logger implementation
SLF4J: See http://www.slf4j.org/codes.html#StaticLoggerBinder for further details.
May 24, 2023 12:34:55 PM io.appium.java_client.remote.AppiumCommandExecutor$1 lambda$0
INFO: Detected dialect: W3C
]]></system-err>
  </testcase>
</testsuite>