<?xml version="1.0" encoding="UTF-8"?>
<testng-results ignored="6" total="7" passed="1" failed="0" skipped="0">
  <reporter-output>
  </reporter-output>
  <suite started-at="2023-05-24T12:34:16 IST" name="Suite" finished-at="2023-05-24T12:35:32 IST" duration-ms="75149">
    <groups>
    </groups>
    <test started-at="2023-05-24T12:34:16 IST" name="Test" finished-at="2023-05-24T12:35:32 IST" duration-ms="75149">
      <class name="Demo.AppiumFramework.Test_HybridApp">
        <test-method is-config="true" signature="setup()[pri:0, instance:Demo.AppiumFramework.Test_HybridApp@498d318c]" started-at="2023-05-24T12:34:17 IST" name="setup" finished-at="2023-05-24T12:34:55 IST" duration-ms="38438" status="PASS">
          <reporter-output>
          </reporter-output>
        </test-method> <!-- setup -->
        <test-method signature="everything()[pri:0, instance:Demo.AppiumFramework.Test_HybridApp@498d318c]" started-at="2023-05-24T12:34:55 IST" name="everything" finished-at="2023-05-24T12:35:32 IST" duration-ms="36603" status="PASS">
          <reporter-output>
          </reporter-output>
        </test-method> <!-- everything -->
        <test-method is-config="true" signature="stop()[pri:0, instance:Demo.AppiumFramework.Test_HybridApp@498d318c]" started-at="2023-05-24T12:35:32 IST" name="stop" finished-at="2023-05-24T12:35:32 IST" duration-ms="61" status="PASS">
          <reporter-output>
          </reporter-output>
        </test-method> <!-- stop -->
      </class> <!-- Demo.AppiumFramework.Test_HybridApp -->
    </test> <!-- Test -->
  </suite> <!-- Suite -->
</testng-results>
