<?xml version="1.0" encoding="UTF-8"?>
<testng-results ignored="1" total="7" passed="6" failed="0" skipped="0">
  <reporter-output>
  </reporter-output>
  <suite started-at="2023-05-25T06:22:20 IST" name="Default suite" finished-at="2023-05-25T06:24:30 IST" duration-ms="129335">
    <groups>
    </groups>
    <test started-at="2023-05-25T06:22:20 IST" name="Default test" finished-at="2023-05-25T06:24:30 IST" duration-ms="129335">
      <class name="com.Testcase.BanjaraRide">
        <test-method signature="TS1()[pri:0, instance:com.Testcase.BanjaraRide@f6efaab]" started-at="2023-05-25T06:22:20 IST" name="TS1" finished-at="2023-05-25T06:23:29 IST" duration-ms="68623" status="PASS">
          <reporter-output>
          </reporter-output>
        </test-method> <!-- TS1 -->
        <test-method signature="TS2()[pri:1, instance:com.Testcase.BanjaraRide@f6efaab]" started-at="2023-05-25T06:23:29 IST" name="TS2" finished-at="2023-05-25T06:23:42 IST" duration-ms="12934" status="PASS">
          <reporter-output>
          </reporter-output>
        </test-method> <!-- TS2 -->
        <test-method signature="TS3()[pri:2, instance:com.Testcase.BanjaraRide@f6efaab]" started-at="2023-05-25T06:23:42 IST" name="TS3" finished-at="2023-05-25T06:24:01 IST" duration-ms="19175" status="PASS">
          <reporter-output>
          </reporter-output>
        </test-method> <!-- TS3 -->
        <test-method signature="TS4()[pri:3, instance:com.Testcase.BanjaraRide@f6efaab]" started-at="2023-05-25T06:24:01 IST" name="TS4" finished-at="2023-05-25T06:24:12 IST" duration-ms="10434" status="PASS">
          <reporter-output>
          </reporter-output>
        </test-method> <!-- TS4 -->
        <test-method signature="TS5()[pri:4, instance:com.Testcase.BanjaraRide@f6efaab]" started-at="2023-05-25T06:24:12 IST" name="TS5" finished-at="2023-05-25T06:24:21 IST" duration-ms="9197" status="PASS">
          <reporter-output>
          </reporter-output>
        </test-method> <!-- TS5 -->
        <test-method signature="TS6()[pri:5, instance:com.Testcase.BanjaraRide@f6efaab]" started-at="2023-05-25T06:24:21 IST" name="TS6" finished-at="2023-05-25T06:24:30 IST" duration-ms="8902" status="PASS">
          <reporter-output>
          </reporter-output>
        </test-method> <!-- TS6 -->
      </class> <!-- com.Testcase.BanjaraRide -->
    </test> <!-- Default test -->
  </suite> <!-- Default suite -->
</testng-results>
